Using pre-set license
Built from '2021.3/staging' branch; Version is '2021.3.19f1 (c9714fde33b6) revision 13201743'; Using compiler version '192829333'; Build Type 'Release'
OS: 'Windows 10  (10.0.19045) 64bit Core' Language: 'en' Physical Memory: 65340 MB
BatchMode: 1, IsHumanControllingUs: 0, StartBugReporterOnCrash: 0, Is64bit: 1, IsPro: 1

COMMAND LINE ARGUMENTS:
C:\Program Files\Unity\Hub\Editor\2021.3.19f1\Editor\Unity.exe
-adb2
-batchMode
-noUpm
-name
AssetImportWorker3
-projectPath
C:/Users/Diogo/Documents/vgp114/UnityProjVisualElements/XoloUnityGame
-logFile
Logs/AssetImportWorker3.log
-srvPort
63071
Successfully changed project path to: C:/Users/Diogo/Documents/vgp114/UnityProjVisualElements/XoloUnityGame
C:/Users/Diogo/Documents/vgp114/UnityProjVisualElements/XoloUnityGame
[UnityMemory] Configuration Parameters - Can be set up in boot.config
    "memorysetup-bucket-allocator-granularity=16"
    "memorysetup-bucket-allocator-bucket-count=8"
    "memorysetup-bucket-allocator-block-size=33554432"
    "memorysetup-bucket-allocator-block-count=8"
    "memorysetup-main-allocator-block-size=16777216"
    "memorysetup-thread-allocator-block-size=16777216"
    "memorysetup-gfx-main-allocator-block-size=16777216"
    "memorysetup-gfx-thread-allocator-block-size=16777216"
    "memorysetup-cache-allocator-block-size=4194304"
    "memorysetup-typetree-allocator-block-size=2097152"
    "memorysetup-profiler-bucket-allocator-granularity=16"
    "memorysetup-profiler-bucket-allocator-bucket-count=8"
    "memorysetup-profiler-bucket-allocator-block-size=33554432"
    "memorysetup-profiler-bucket-allocator-block-count=8"
    "memorysetup-profiler-allocator-block-size=16777216"
    "memorysetup-profiler-editor-allocator-block-size=1048576"
    "memorysetup-temp-allocator-size-main=16777216"
    "memorysetup-job-temp-allocator-block-size=2097152"
    "memorysetup-job-temp-allocator-block-size-background=1048576"
    "memorysetup-job-temp-allocator-reduction-small-platforms=262144"
    "memorysetup-temp-allocator-size-background-worker=32768"
    "memorysetup-temp-allocator-size-job-worker=262144"
    "memorysetup-temp-allocator-size-preload-manager=33554432"
    "memorysetup-temp-allocator-size-nav-mesh-worker=65536"
    "memorysetup-temp-allocator-size-audio-worker=65536"
    "memorysetup-temp-allocator-size-cloud-worker=32768"
    "memorysetup-temp-allocator-size-gi-baking-worker=262144"
    "memorysetup-temp-allocator-size-gfx=262144"
Player connection [32560] Host "[IP] 192.168.1.249 [Port] 0 [Flags] 2 [Guid] 1433057207 [EditorId] 1433057207 [Version] 1048832 [Id] WindowsEditor(7,Diogos-Desktop) [Debug] 1 [PackageName] WindowsEditor [ProjectName] Editor" joined multi-casting on [225.0.0.222:54997]...

Player connection [32560] Host "[IP] 192.168.1.249 [Port] 0 [Flags] 2 [Guid] 1433057207 [EditorId] 1433057207 [Version] 1048832 [Id] WindowsEditor(7,Diogos-Desktop) [Debug] 1 [PackageName] WindowsEditor [ProjectName] Editor" joined alternative multi-casting on [225.0.0.222:34997]...

Refreshing native plugins compatible for Editor in 82.78 ms, found 4 plugins.
Preloading 0 native plugins for Editor in 0.00 ms.
Initialize engine version: 2021.3.19f1 (c9714fde33b6)
[Subsystems] Discovering subsystems at path C:/Program Files/Unity/Hub/Editor/2021.3.19f1/Editor/Data/Resources/UnitySubsystems
[Subsystems] Discovering subsystems at path C:/Users/Diogo/Documents/vgp114/UnityProjVisualElements/XoloUnityGame/Assets
GfxDevice: creating device client; threaded=0; jobified=0
Direct3D:
    Version:  Direct3D 11.0 [level 11.1]
    Renderer: NVIDIA GeForce RTX 3090 (ID=0x2204)
    Vendor:   NVIDIA
    VRAM:     24340 MB
    Driver:   31.0.15.3699
Initialize mono
Mono path[0] = 'C:/Program Files/Unity/Hub/Editor/2021.3.19f1/Editor/Data/Managed'
Mono path[1] = 'C:/Program Files/Unity/Hub/Editor/2021.3.19f1/Editor/Data/MonoBleedingEdge/lib/mono/unityjit-win32'
Mono config path = 'C:/Program Files/Unity/Hub/Editor/2021.3.19f1/Editor/Data/MonoBleedingEdge/etc'
Using monoOptions --debugger-agent=transport=dt_socket,embedding=1,server=y,suspend=n,address=127.0.0.1:56036
Begin MonoManager ReloadAssembly
Registering precompiled unity dll's ...
Register platform support module: C:/Program Files/Unity/Hub/Editor/2021.3.19f1/Editor/Data/PlaybackEngines/WebGLSupport/UnityEditor.WebGL.Extensions.dll
Register platform support module: C:/Program Files/Unity/Hub/Editor/2021.3.19f1/Editor/Data/PlaybackEngines/WindowsStandaloneSupport/UnityEditor.WindowsStandalone.Extensions.dll
Registered in 0.006106 seconds.
Native extension for WindowsStandalone target not found
Native extension for WebGL target not found
Refreshing native plugins compatible for Editor in 77.71 ms, found 4 plugins.
Preloading 0 native plugins for Editor in 0.00 ms.
Mono: successfully reloaded assembly
- Completed reload, in  0.571 seconds
Domain Reload Profiling:
	ReloadAssembly (572ms)
		BeginReloadAssembly (80ms)
			ExecutionOrderSort (0ms)
			DisableScriptedObjects (0ms)
			BackupInstance (0ms)
			ReleaseScriptingObjects (0ms)
			CreateAndSetChildDomain (1ms)
		EndReloadAssembly (400ms)
			LoadAssemblies (78ms)
			RebuildTransferFunctionScriptingTraits (0ms)
			SetupTypeCache (86ms)
			ReleaseScriptCaches (0ms)
			RebuildScriptCaches (22ms)
			SetupLoadedEditorAssemblies (249ms)
				LogAssemblyErrors (0ms)
				InitializePlatformSupportModulesInManaged (8ms)
				SetLoadedEditorAssemblies (0ms)
				RefreshPlugins (78ms)
				BeforeProcessingInitializeOnLoad (1ms)
				ProcessInitializeOnLoadAttributes (122ms)
				ProcessInitializeOnLoadMethodAttributes (41ms)
				AfterProcessingInitializeOnLoad (0ms)
				EditorAssembliesLoaded (0ms)
			ExecutionOrderSort2 (0ms)
			AwakeInstancesAfterBackupRestoration (0ms)
Platform modules already initialized, skipping
Registering precompiled user dll's ...
Registered in 0.005877 seconds.
Begin MonoManager ReloadAssembly
Symbol file LoadedFromMemory doesn't match image C:\Users\Diogo\Documents\vgp114\UnityProjVisualElements\XoloUnityGame\Library\PackageCache\com.unity.visualscripting@1.8.0\Editor\VisualScripting.Core\Dependencies\YamlDotNet\Unity.VisualScripting.YamlDotNet.dll
Symbol file LoadedFromMemory doesn't match image C:\Users\Diogo\Documents\vgp114\UnityProjVisualElements\XoloUnityGame\Library\PackageCache\com.unity.visualscripting@1.8.0\Editor\VisualScripting.Core\Dependencies\DotNetZip\Unity.VisualScripting.IonicZip.dll
Native extension for WindowsStandalone target not found
Native extension for WebGL target not found
Refreshing native plugins compatible for Editor in 74.98 ms, found 4 plugins.
Preloading 0 native plugins for Editor in 0.00 ms.
Mono: successfully reloaded assembly
- Completed reload, in  0.958 seconds
Domain Reload Profiling:
	ReloadAssembly (959ms)
		BeginReloadAssembly (97ms)
			ExecutionOrderSort (0ms)
			DisableScriptedObjects (5ms)
			BackupInstance (0ms)
			ReleaseScriptingObjects (0ms)
			CreateAndSetChildDomain (16ms)
		EndReloadAssembly (748ms)
			LoadAssemblies (71ms)
			RebuildTransferFunctionScriptingTraits (0ms)
			SetupTypeCache (194ms)
			ReleaseScriptCaches (1ms)
			RebuildScriptCaches (46ms)
			SetupLoadedEditorAssemblies (391ms)
				LogAssemblyErrors (0ms)
				InitializePlatformSupportModulesInManaged (5ms)
				SetLoadedEditorAssemblies (0ms)
				RefreshPlugins (75ms)
				BeforeProcessingInitializeOnLoad (82ms)
				ProcessInitializeOnLoadAttributes (193ms)
				ProcessInitializeOnLoadMethodAttributes (30ms)
				AfterProcessingInitializeOnLoad (6ms)
				EditorAssembliesLoaded (0ms)
			ExecutionOrderSort2 (0ms)
			AwakeInstancesAfterBackupRestoration (5ms)
Platform modules already initialized, skipping
========================================================================
Worker process is ready to serve import requests
Launched and connected shader compiler UnityShaderCompiler.exe after 0.04 seconds
Refreshing native plugins compatible for Editor in 1.12 ms, found 4 plugins.
Preloading 0 native plugins for Editor in 0.00 ms.
Unloading 3734 Unused Serialized files (Serialized files now loaded: 0)
Unloading 41 unused Assets / (229.4 KB). Loaded Objects now: 4187.
Memory consumption went from 142.7 MB to 142.4 MB.
Total: 2.988800 ms (FindLiveObjects: 0.318600 ms CreateObjectMapping: 0.288200 ms MarkObjects: 2.238700 ms  DeleteObjects: 0.142600 ms)

AssetImportParameters requested are different than current active one (requested -> active):
  custom:video-decoder-ogg-theora: a1e56fd34408186e4bbccfd4996cb3dc -> 
  custom:container-muxer-webm: aa71ff27fc2769a1b78a27578f13a17b -> 
  custom:container-demuxer-webm: 4f35f7cbe854078d1ac9338744f61a02 -> 
  custom:video-encoder-webm-vp8: eb34c28f22e8b96e1ab97ce403110664 -> 
  custom:audio-encoder-webm-vorbis: bf7c407c2cedff20999df2af8eb42d56 -> 
  custom:framework-win-MediaFoundation: 216162199b28c13a410421893ffa2e32 -> 
  custom:container-demuxer-ogg: 62fdf1f143b41e24485cea50d1cbac27 -> 
  custom:video-decoder-webm-vp8: 9c59270c3fd7afecdb556c50c9e8de78 -> 
  custom:audio-decoder-ogg-vorbis: bf7c407c2cedff20999df2af8eb42d56 -> 
========================================================================
Received Prepare
Registering precompiled user dll's ...
Registered in 0.005205 seconds.
Begin MonoManager ReloadAssembly
Symbol file LoadedFromMemory doesn't match image C:\Users\Diogo\Documents\vgp114\UnityProjVisualElements\XoloUnityGame\Library\PackageCache\com.unity.visualscripting@1.8.0\Editor\VisualScripting.Core\Dependencies\YamlDotNet\Unity.VisualScripting.YamlDotNet.dll
Symbol file LoadedFromMemory doesn't match image C:\Users\Diogo\Documents\vgp114\UnityProjVisualElements\XoloUnityGame\Library\PackageCache\com.unity.visualscripting@1.8.0\Editor\VisualScripting.Core\Dependencies\DotNetZip\Unity.VisualScripting.IonicZip.dll
Native extension for WindowsStandalone target not found
Native extension for WebGL target not found
Refreshing native plugins compatible for Editor in 0.55 ms, found 4 plugins.
Preloading 0 native plugins for Editor in 0.00 ms.
Mono: successfully reloaded assembly
- Completed reload, in  0.796 seconds
Domain Reload Profiling:
	ReloadAssembly (796ms)
		BeginReloadAssembly (110ms)
			ExecutionOrderSort (0ms)
			DisableScriptedObjects (6ms)
			BackupInstance (0ms)
			ReleaseScriptingObjects (0ms)
			CreateAndSetChildDomain (31ms)
		EndReloadAssembly (602ms)
			LoadAssemblies (67ms)
			RebuildTransferFunctionScriptingTraits (0ms)
			SetupTypeCache (189ms)
			ReleaseScriptCaches (1ms)
			RebuildScriptCaches (38ms)
			SetupLoadedEditorAssemblies (273ms)
				LogAssemblyErrors (0ms)
				InitializePlatformSupportModulesInManaged (12ms)
				SetLoadedEditorAssemblies (0ms)
				RefreshPlugins (1ms)
				BeforeProcessingInitializeOnLoad (61ms)
				ProcessInitializeOnLoadAttributes (164ms)
				ProcessInitializeOnLoadMethodAttributes (26ms)
				AfterProcessingInitializeOnLoad (9ms)
				EditorAssembliesLoaded (0ms)
			ExecutionOrderSort2 (0ms)
			AwakeInstancesAfterBackupRestoration (6ms)
Platform modules already initialized, skipping
Refreshing native plugins compatible for Editor in 1.83 ms, found 4 plugins.
Preloading 0 native plugins for Editor in 0.00 ms.
Unloading 3729 Unused Serialized files (Serialized files now loaded: 0)
Unloading 28 unused Assets / (195.8 KB). Loaded Objects now: 4190.
Memory consumption went from 142.5 MB to 142.3 MB.
Total: 2.826600 ms (FindLiveObjects: 0.276800 ms CreateObjectMapping: 0.205300 ms MarkObjects: 2.197900 ms  DeleteObjects: 0.146100 ms)

AssetImportParameters requested are different than current active one (requested -> active):
  custom:video-decoder-ogg-theora: a1e56fd34408186e4bbccfd4996cb3dc -> 
  custom:container-muxer-webm: aa71ff27fc2769a1b78a27578f13a17b -> 
  custom:container-demuxer-webm: 4f35f7cbe854078d1ac9338744f61a02 -> 
  custom:video-encoder-webm-vp8: eb34c28f22e8b96e1ab97ce403110664 -> 
  custom:audio-encoder-webm-vorbis: bf7c407c2cedff20999df2af8eb42d56 -> 
  custom:framework-win-MediaFoundation: 216162199b28c13a410421893ffa2e32 -> 
  custom:container-demuxer-ogg: 62fdf1f143b41e24485cea50d1cbac27 -> 
  custom:video-decoder-webm-vp8: 9c59270c3fd7afecdb556c50c9e8de78 -> 
  custom:audio-decoder-ogg-vorbis: bf7c407c2cedff20999df2af8eb42d56 -> 
========================================================================
Received Import Request.
  Time since last request: 27847.332041 seconds.
  path: Assets/Art/TileSet1stTry.png
  artifactKey: Guid(4bab28f65e6a1714485a27fd94ad51ce) Importer(815301076,1909f56bfc062723c751e8b465ee728b)
Start importing Assets/Art/TileSet1stTry.png using Guid(4bab28f65e6a1714485a27fd94ad51ce) Importer(815301076,1909f56bfc062723c751e8b465ee728b)  -> (artifact id: '7eb864bfe528d89867f70063240b44bc') in 0.142705 seconds 
========================================================================
Received Import Request.
  Time since last request: 15.697885 seconds.
  path: Assets/Art/TileSet1stTry.png
  artifactKey: Guid(4bab28f65e6a1714485a27fd94ad51ce) Importer(815301076,1909f56bfc062723c751e8b465ee728b)
Start importing Assets/Art/TileSet1stTry.png using Guid(4bab28f65e6a1714485a27fd94ad51ce) Importer(815301076,1909f56bfc062723c751e8b465ee728b)  -> (artifact id: 'ef7fa3145963e7b9681dc461df628488') in 0.020472 seconds 
========================================================================
Received Import Request.
  Time since last request: 5.984213 seconds.
  path: Assets/Art/TileSet1stTry.png
  artifactKey: Guid(4bab28f65e6a1714485a27fd94ad51ce) Importer(815301076,1909f56bfc062723c751e8b465ee728b)
Start importing Assets/Art/TileSet1stTry.png using Guid(4bab28f65e6a1714485a27fd94ad51ce) Importer(815301076,1909f56bfc062723c751e8b465ee728b)  -> (artifact id: '0d29e2724d62e682bad68d36837cd127') in 0.047914 seconds 
========================================================================
Received Import Request.
  Time since last request: 13.394179 seconds.
  path: Assets/Art/BasicTiles.prefab
  artifactKey: Guid(7656d80ba96d3db48b13f3d89772044c) Importer(815301076,1909f56bfc062723c751e8b465ee728b)
Start importing Assets/Art/BasicTiles.prefab using Guid(7656d80ba96d3db48b13f3d89772044c) Importer(815301076,1909f56bfc062723c751e8b465ee728b)  -> (artifact id: 'ba6a1c29b0dd5792b14bd57f1a5b7491') in 0.038598 seconds 
========================================================================
Received Import Request.
  Time since last request: 7.108029 seconds.
  path: Assets/Art/TileSet1stTry.png
  artifactKey: Guid(4bab28f65e6a1714485a27fd94ad51ce) Importer(815301076,1909f56bfc062723c751e8b465ee728b)
Start importing Assets/Art/TileSet1stTry.png using Guid(4bab28f65e6a1714485a27fd94ad51ce) Importer(815301076,1909f56bfc062723c751e8b465ee728b)  -> (artifact id: 'a3d231b0358ba381fa4ff1d960d7d3ab') in 0.071068 seconds 
========================================================================
Received Import Request.
  Time since last request: 5.917275 seconds.
  path: Assets/Art/TileSet1stTry.png
  artifactKey: Guid(4bab28f65e6a1714485a27fd94ad51ce) Importer(815301076,1909f56bfc062723c751e8b465ee728b)
Start importing Assets/Art/TileSet1stTry.png using Guid(4bab28f65e6a1714485a27fd94ad51ce) Importer(815301076,1909f56bfc062723c751e8b465ee728b)  -> (artifact id: '75b92434fbbbe102fec6a7102413c1d7') in 0.065709 seconds 
========================================================================
Received Import Request.
  Time since last request: 5.705667 seconds.
  path: Assets/Art/BasicTiles.prefab
  artifactKey: Guid(7656d80ba96d3db48b13f3d89772044c) Importer(815301076,1909f56bfc062723c751e8b465ee728b)
Start importing Assets/Art/BasicTiles.prefab using Guid(7656d80ba96d3db48b13f3d89772044c) Importer(815301076,1909f56bfc062723c751e8b465ee728b)  -> (artifact id: '953cf546ea853d5eeac7e3cc87c63ccd') in 0.022027 seconds 
========================================================================
Received Import Request.
  Time since last request: 7.097211 seconds.
  path: Assets/Art/TileSet1stTry.png
  artifactKey: Guid(4bab28f65e6a1714485a27fd94ad51ce) Importer(815301076,1909f56bfc062723c751e8b465ee728b)
Start importing Assets/Art/TileSet1stTry.png using Guid(4bab28f65e6a1714485a27fd94ad51ce) Importer(815301076,1909f56bfc062723c751e8b465ee728b)  -> (artifact id: '091a8e92c3c8de9d81dc709b39b9f988') in 0.047247 seconds 
========================================================================
Received Import Request.
  Time since last request: 5.579785 seconds.
  path: Assets/Art/TileSet1stTry.png
  artifactKey: Guid(4bab28f65e6a1714485a27fd94ad51ce) Importer(815301076,1909f56bfc062723c751e8b465ee728b)
Start importing Assets/Art/TileSet1stTry.png using Guid(4bab28f65e6a1714485a27fd94ad51ce) Importer(815301076,1909f56bfc062723c751e8b465ee728b)  -> (artifact id: '670a26bcf2c88d146ed1d511c33bcea5') in 0.040114 seconds 
