Using pre-set license
Built from '2021.3/staging' branch; Version is '2021.3.19f1 (c9714fde33b6) revision 13201743'; Using compiler version '192829333'; Build Type 'Release'
OS: 'Windows 10  (10.0.19045) 64bit Core' Language: 'en' Physical Memory: 65340 MB
BatchMode: 1, IsHumanControllingUs: 0, StartBugReporterOnCrash: 0, Is64bit: 1, IsPro: 1

COMMAND LINE ARGUMENTS:
C:\Program Files\Unity\Hub\Editor\2021.3.19f1\Editor\Unity.exe
-adb2
-batchMode
-noUpm
-name
AssetImportWorker4
-projectPath
C:/Users/Diogo/Documents/vgp114/UnityProjVisualElements/XoloUnityGame
-logFile
Logs/AssetImportWorker4.log
-srvPort
63071
Successfully changed project path to: C:/Users/Diogo/Documents/vgp114/UnityProjVisualElements/XoloUnityGame
C:/Users/Diogo/Documents/vgp114/UnityProjVisualElements/XoloUnityGame
[UnityMemory] Configuration Parameters - Can be set up in boot.config
    "memorysetup-bucket-allocator-granularity=16"
    "memorysetup-bucket-allocator-bucket-count=8"
    "memorysetup-bucket-allocator-block-size=33554432"
    "memorysetup-bucket-allocator-block-count=8"
    "memorysetup-main-allocator-block-size=16777216"
    "memorysetup-thread-allocator-block-size=16777216"
    "memorysetup-gfx-main-allocator-block-size=16777216"
    "memorysetup-gfx-thread-allocator-block-size=16777216"
    "memorysetup-cache-allocator-block-size=4194304"
    "memorysetup-typetree-allocator-block-size=2097152"
    "memorysetup-profiler-bucket-allocator-granularity=16"
    "memorysetup-profiler-bucket-allocator-bucket-count=8"
    "memorysetup-profiler-bucket-allocator-block-size=33554432"
    "memorysetup-profiler-bucket-allocator-block-count=8"
    "memorysetup-profiler-allocator-block-size=16777216"
    "memorysetup-profiler-editor-allocator-block-size=1048576"
    "memorysetup-temp-allocator-size-main=16777216"
    "memorysetup-job-temp-allocator-block-size=2097152"
    "memorysetup-job-temp-allocator-block-size-background=1048576"
    "memorysetup-job-temp-allocator-reduction-small-platforms=262144"
    "memorysetup-temp-allocator-size-background-worker=32768"
    "memorysetup-temp-allocator-size-job-worker=262144"
    "memorysetup-temp-allocator-size-preload-manager=33554432"
    "memorysetup-temp-allocator-size-nav-mesh-worker=65536"
    "memorysetup-temp-allocator-size-audio-worker=65536"
    "memorysetup-temp-allocator-size-cloud-worker=32768"
    "memorysetup-temp-allocator-size-gi-baking-worker=262144"
    "memorysetup-temp-allocator-size-gfx=262144"
Player connection [25040] Host "[IP] 192.168.1.249 [Port] 0 [Flags] 2 [Guid] 1402963688 [EditorId] 1402963688 [Version] 1048832 [Id] WindowsEditor(7,Diogos-Desktop) [Debug] 1 [PackageName] WindowsEditor [ProjectName] Editor" joined multi-casting on [225.0.0.222:54997]...

Player connection [25040] Host "[IP] 192.168.1.249 [Port] 0 [Flags] 2 [Guid] 1402963688 [EditorId] 1402963688 [Version] 1048832 [Id] WindowsEditor(7,Diogos-Desktop) [Debug] 1 [PackageName] WindowsEditor [ProjectName] Editor" joined alternative multi-casting on [225.0.0.222:34997]...

Refreshing native plugins compatible for Editor in 77.52 ms, found 4 plugins.
Preloading 0 native plugins for Editor in 0.00 ms.
Initialize engine version: 2021.3.19f1 (c9714fde33b6)
[Subsystems] Discovering subsystems at path C:/Program Files/Unity/Hub/Editor/2021.3.19f1/Editor/Data/Resources/UnitySubsystems
[Subsystems] Discovering subsystems at path C:/Users/Diogo/Documents/vgp114/UnityProjVisualElements/XoloUnityGame/Assets
GfxDevice: creating device client; threaded=0; jobified=0
Direct3D:
    Version:  Direct3D 11.0 [level 11.1]
    Renderer: NVIDIA GeForce RTX 3090 (ID=0x2204)
    Vendor:   NVIDIA
    VRAM:     24340 MB
    Driver:   31.0.15.3699
Initialize mono
Mono path[0] = 'C:/Program Files/Unity/Hub/Editor/2021.3.19f1/Editor/Data/Managed'
Mono path[1] = 'C:/Program Files/Unity/Hub/Editor/2021.3.19f1/Editor/Data/MonoBleedingEdge/lib/mono/unityjit-win32'
Mono config path = 'C:/Program Files/Unity/Hub/Editor/2021.3.19f1/Editor/Data/MonoBleedingEdge/etc'
Using monoOptions --debugger-agent=transport=dt_socket,embedding=1,server=y,suspend=n,address=127.0.0.1:56800
Begin MonoManager ReloadAssembly
Registering precompiled unity dll's ...
Register platform support module: C:/Program Files/Unity/Hub/Editor/2021.3.19f1/Editor/Data/PlaybackEngines/WebGLSupport/UnityEditor.WebGL.Extensions.dll
Register platform support module: C:/Program Files/Unity/Hub/Editor/2021.3.19f1/Editor/Data/PlaybackEngines/WindowsStandaloneSupport/UnityEditor.WindowsStandalone.Extensions.dll
Registered in 0.006741 seconds.
Native extension for WindowsStandalone target not found
Native extension for WebGL target not found
Refreshing native plugins compatible for Editor in 78.16 ms, found 4 plugins.
Preloading 0 native plugins for Editor in 0.00 ms.
Mono: successfully reloaded assembly
- Completed reload, in  0.553 seconds
Domain Reload Profiling:
	ReloadAssembly (553ms)
		BeginReloadAssembly (60ms)
			ExecutionOrderSort (0ms)
			DisableScriptedObjects (0ms)
			BackupInstance (0ms)
			ReleaseScriptingObjects (0ms)
			CreateAndSetChildDomain (1ms)
		EndReloadAssembly (400ms)
			LoadAssemblies (59ms)
			RebuildTransferFunctionScriptingTraits (0ms)
			SetupTypeCache (86ms)
			ReleaseScriptCaches (0ms)
			RebuildScriptCaches (24ms)
			SetupLoadedEditorAssemblies (247ms)
				LogAssemblyErrors (0ms)
				InitializePlatformSupportModulesInManaged (8ms)
				SetLoadedEditorAssemblies (0ms)
				RefreshPlugins (78ms)
				BeforeProcessingInitializeOnLoad (1ms)
				ProcessInitializeOnLoadAttributes (120ms)
				ProcessInitializeOnLoadMethodAttributes (39ms)
				AfterProcessingInitializeOnLoad (0ms)
				EditorAssembliesLoaded (0ms)
			ExecutionOrderSort2 (0ms)
			AwakeInstancesAfterBackupRestoration (0ms)
Platform modules already initialized, skipping
Registering precompiled user dll's ...
Registered in 0.006189 seconds.
Begin MonoManager ReloadAssembly
Symbol file LoadedFromMemory doesn't match image C:\Users\Diogo\Documents\vgp114\UnityProjVisualElements\XoloUnityGame\Library\PackageCache\com.unity.visualscripting@1.8.0\Editor\VisualScripting.Core\Dependencies\YamlDotNet\Unity.VisualScripting.YamlDotNet.dll
Symbol file LoadedFromMemory doesn't match image C:\Users\Diogo\Documents\vgp114\UnityProjVisualElements\XoloUnityGame\Library\PackageCache\com.unity.visualscripting@1.8.0\Editor\VisualScripting.Core\Dependencies\DotNetZip\Unity.VisualScripting.IonicZip.dll
Native extension for WindowsStandalone target not found
Native extension for WebGL target not found
Refreshing native plugins compatible for Editor in 76.84 ms, found 4 plugins.
Preloading 0 native plugins for Editor in 0.00 ms.
Mono: successfully reloaded assembly
- Completed reload, in  0.963 seconds
Domain Reload Profiling:
	ReloadAssembly (963ms)
		BeginReloadAssembly (96ms)
			ExecutionOrderSort (0ms)
			DisableScriptedObjects (5ms)
			BackupInstance (0ms)
			ReleaseScriptingObjects (0ms)
			CreateAndSetChildDomain (17ms)
		EndReloadAssembly (753ms)
			LoadAssemblies (73ms)
			RebuildTransferFunctionScriptingTraits (0ms)
			SetupTypeCache (191ms)
			ReleaseScriptCaches (1ms)
			RebuildScriptCaches (48ms)
			SetupLoadedEditorAssemblies (392ms)
				LogAssemblyErrors (0ms)
				InitializePlatformSupportModulesInManaged (7ms)
				SetLoadedEditorAssemblies (0ms)
				RefreshPlugins (77ms)
				BeforeProcessingInitializeOnLoad (81ms)
				ProcessInitializeOnLoadAttributes (191ms)
				ProcessInitializeOnLoadMethodAttributes (30ms)
				AfterProcessingInitializeOnLoad (7ms)
				EditorAssembliesLoaded (0ms)
			ExecutionOrderSort2 (0ms)
			AwakeInstancesAfterBackupRestoration (5ms)
Platform modules already initialized, skipping
========================================================================
Worker process is ready to serve import requests
Launched and connected shader compiler UnityShaderCompiler.exe after 0.04 seconds
Refreshing native plugins compatible for Editor in 1.19 ms, found 4 plugins.
Preloading 0 native plugins for Editor in 0.00 ms.
Unloading 3734 Unused Serialized files (Serialized files now loaded: 0)
Unloading 41 unused Assets / (229.3 KB). Loaded Objects now: 4187.
Memory consumption went from 142.7 MB to 142.4 MB.
Total: 3.040800 ms (FindLiveObjects: 0.369700 ms CreateObjectMapping: 0.340500 ms MarkObjects: 2.190800 ms  DeleteObjects: 0.139400 ms)

AssetImportParameters requested are different than current active one (requested -> active):
  custom:video-decoder-ogg-theora: a1e56fd34408186e4bbccfd4996cb3dc -> 
  custom:container-muxer-webm: aa71ff27fc2769a1b78a27578f13a17b -> 
  custom:container-demuxer-webm: 4f35f7cbe854078d1ac9338744f61a02 -> 
  custom:video-encoder-webm-vp8: eb34c28f22e8b96e1ab97ce403110664 -> 
  custom:audio-encoder-webm-vorbis: bf7c407c2cedff20999df2af8eb42d56 -> 
  custom:framework-win-MediaFoundation: 216162199b28c13a410421893ffa2e32 -> 
  custom:container-demuxer-ogg: 62fdf1f143b41e24485cea50d1cbac27 -> 
  custom:video-decoder-webm-vp8: 9c59270c3fd7afecdb556c50c9e8de78 -> 
  custom:audio-decoder-ogg-vorbis: bf7c407c2cedff20999df2af8eb42d56 -> 
========================================================================
Received Import Request.
  Time since last request: 24844.955982 seconds.
  path: Assets/Art/DogSprite.png
  artifactKey: Guid(88b35ee989f87794aa5f6d3855414bed) Importer(815301076,1909f56bfc062723c751e8b465ee728b)
Start importing Assets/Art/DogSprite.png using Guid(88b35ee989f87794aa5f6d3855414bed) Importer(815301076,1909f56bfc062723c751e8b465ee728b)  -> (artifact id: '6f7f3d146d33b69009d504e092392e9c') in 0.099548 seconds 
========================================================================
Received Import Request.
  Time since last request: 20.257008 seconds.
  path: Assets/Art/DogWlkingSprite.png
  artifactKey: Guid(88b35ee989f87794aa5f6d3855414bed) Importer(815301076,1909f56bfc062723c751e8b465ee728b)
Start importing Assets/Art/DogWlkingSprite.png using Guid(88b35ee989f87794aa5f6d3855414bed) Importer(815301076,1909f56bfc062723c751e8b465ee728b)  -> (artifact id: '0f9f2fc9458768eda5ba2c9480072906') in 0.013987 seconds 
========================================================================
Received Import Request.
  Time since last request: 78.495553 seconds.
  path: Assets/Art/DogWlkingSprite.png
  artifactKey: Guid(88b35ee989f87794aa5f6d3855414bed) Importer(815301076,1909f56bfc062723c751e8b465ee728b)
Start importing Assets/Art/DogWlkingSprite.png using Guid(88b35ee989f87794aa5f6d3855414bed) Importer(815301076,1909f56bfc062723c751e8b465ee728b)  -> (artifact id: '8a83837416989dc73e2287e9faa86a71') in 0.012667 seconds 
========================================================================
Received Import Request.
  Time since last request: 85.543096 seconds.
  path: Assets/Art/DogWlkingSprite.png
  artifactKey: Guid(88b35ee989f87794aa5f6d3855414bed) Importer(815301076,1909f56bfc062723c751e8b465ee728b)
Start importing Assets/Art/DogWlkingSprite.png using Guid(88b35ee989f87794aa5f6d3855414bed) Importer(815301076,1909f56bfc062723c751e8b465ee728b)  -> (artifact id: '26095babe0c7866aa65d3a9114f758fa') in 0.022371 seconds 
========================================================================
Received Import Request.
  Time since last request: 618.882694 seconds.
  path: ProjectSettings/TagManager.asset
  artifactKey: Guid(00000000000000003000000000000000) Importer(815301076,1909f56bfc062723c751e8b465ee728b)
Start importing ProjectSettings/TagManager.asset using Guid(00000000000000003000000000000000) Importer(815301076,1909f56bfc062723c751e8b465ee728b)  -> (artifact id: '5f74b9f0782f3ffe8a654b2b60a9f33c') in 0.012327 seconds 
========================================================================
Received Import Request.
  Time since last request: 246.825937 seconds.
  path: Assets/CharacterAnim
  artifactKey: Guid(b49d58639b941a6409e6bd66e308bc96) Importer(815301076,1909f56bfc062723c751e8b465ee728b)
Start importing Assets/CharacterAnim using Guid(b49d58639b941a6409e6bd66e308bc96) Importer(815301076,1909f56bfc062723c751e8b465ee728b)  -> (artifact id: '51329e7968a5af804a886452c3dba4fc') in 0.009231 seconds 
========================================================================
Received Import Request.
  Time since last request: 61.779091 seconds.
  path: Assets/CharacterAnim/New Animator Controller.controller
  artifactKey: Guid(e8e43a4cff29c4f4f90954eda44780f5) Importer(815301076,1909f56bfc062723c751e8b465ee728b)
Start importing Assets/CharacterAnim/New Animator Controller.controller using Guid(e8e43a4cff29c4f4f90954eda44780f5) Importer(815301076,1909f56bfc062723c751e8b465ee728b)  -> (artifact id: 'f16de35d7d1cb0cc1f9ba0aa2e74b788') in 0.011365 seconds 
========================================================================
Received Import Request.
  Time since last request: 18.702930 seconds.
  path: Assets/CharacterAnim/DogAnimationController.controller
  artifactKey: Guid(e8e43a4cff29c4f4f90954eda44780f5) Importer(815301076,1909f56bfc062723c751e8b465ee728b)
Start importing Assets/CharacterAnim/DogAnimationController.controller using Guid(e8e43a4cff29c4f4f90954eda44780f5) Importer(815301076,1909f56bfc062723c751e8b465ee728b)  -> (artifact id: '0f27b566a7bc777ae91f8dca2700151a') in 0.009178 seconds 
========================================================================
Received Import Request.
  Time since last request: 328.993746 seconds.
  path: Assets/Art/DogWlkingSprite 1.png
  artifactKey: Guid(48aba5052a9acb345b2242bfdd559116) Importer(815301076,1909f56bfc062723c751e8b465ee728b)
Start importing Assets/Art/DogWlkingSprite 1.png using Guid(48aba5052a9acb345b2242bfdd559116) Importer(815301076,1909f56bfc062723c751e8b465ee728b)  -> (artifact id: '3a2845df69125130a4d1d8c44f183d92') in 0.035921 seconds 
========================================================================
Received Import Request.
  Time since last request: 139.708257 seconds.
  path: Assets/CharacterAnim/basicAnimWLk.anim
  artifactKey: Guid(e2e6048a7ab61de4eb73d50925b6bcb4) Importer(815301076,1909f56bfc062723c751e8b465ee728b)
Start importing Assets/CharacterAnim/basicAnimWLk.anim using Guid(e2e6048a7ab61de4eb73d50925b6bcb4) Importer(815301076,1909f56bfc062723c751e8b465ee728b)  -> (artifact id: '33f14410fa33ce477e2cae727d5f854b') in 0.011924 seconds 
========================================================================
Received Import Request.
  Time since last request: 27.173500 seconds.
  path: Assets/CharacterAnim/DogAnimationController.controller
  artifactKey: Guid(e8e43a4cff29c4f4f90954eda44780f5) Importer(815301076,1909f56bfc062723c751e8b465ee728b)
Start importing Assets/CharacterAnim/DogAnimationController.controller using Guid(e8e43a4cff29c4f4f90954eda44780f5) Importer(815301076,1909f56bfc062723c751e8b465ee728b)  -> (artifact id: '8711ebebf82f6577d530fbf89f1601f9') in 0.002546 seconds 
========================================================================
Received Prepare
Registering precompiled user dll's ...
Registered in 0.005132 seconds.
Begin MonoManager ReloadAssembly
Symbol file LoadedFromMemory doesn't match image C:\Users\Diogo\Documents\vgp114\UnityProjVisualElements\XoloUnityGame\Library\PackageCache\com.unity.visualscripting@1.8.0\Editor\VisualScripting.Core\Dependencies\YamlDotNet\Unity.VisualScripting.YamlDotNet.dll
Symbol file LoadedFromMemory doesn't match image C:\Users\Diogo\Documents\vgp114\UnityProjVisualElements\XoloUnityGame\Library\PackageCache\com.unity.visualscripting@1.8.0\Editor\VisualScripting.Core\Dependencies\DotNetZip\Unity.VisualScripting.IonicZip.dll
Native extension for WindowsStandalone target not found
Native extension for WebGL target not found
Refreshing native plugins compatible for Editor in 0.58 ms, found 4 plugins.
Preloading 0 native plugins for Editor in 0.00 ms.
Mono: successfully reloaded assembly
- Completed reload, in  0.799 seconds
Domain Reload Profiling:
	ReloadAssembly (800ms)
		BeginReloadAssembly (110ms)
			ExecutionOrderSort (0ms)
			DisableScriptedObjects (6ms)
			BackupInstance (0ms)
			ReleaseScriptingObjects (0ms)
			CreateAndSetChildDomain (30ms)
		EndReloadAssembly (602ms)
			LoadAssemblies (67ms)
			RebuildTransferFunctionScriptingTraits (0ms)
			SetupTypeCache (185ms)
			ReleaseScriptCaches (1ms)
			RebuildScriptCaches (40ms)
			SetupLoadedEditorAssemblies (274ms)
				LogAssemblyErrors (0ms)
				InitializePlatformSupportModulesInManaged (12ms)
				SetLoadedEditorAssemblies (0ms)
				RefreshPlugins (1ms)
				BeforeProcessingInitializeOnLoad (62ms)
				ProcessInitializeOnLoadAttributes (166ms)
				ProcessInitializeOnLoadMethodAttributes (27ms)
				AfterProcessingInitializeOnLoad (7ms)
				EditorAssembliesLoaded (0ms)
			ExecutionOrderSort2 (0ms)
			AwakeInstancesAfterBackupRestoration (7ms)
Platform modules already initialized, skipping
Refreshing native plugins compatible for Editor in 2.48 ms, found 4 plugins.
Preloading 0 native plugins for Editor in 0.00 ms.
Unloading 3729 Unused Serialized files (Serialized files now loaded: 0)
Unloading 29 unused Assets / (195.7 KB). Loaded Objects now: 4199.
Memory consumption went from 146.6 MB to 146.4 MB.
Total: 2.694100 ms (FindLiveObjects: 0.243900 ms CreateObjectMapping: 0.148000 ms MarkObjects: 2.184500 ms  DeleteObjects: 0.116900 ms)

AssetImportParameters requested are different than current active one (requested -> active):
  custom:video-decoder-ogg-theora: a1e56fd34408186e4bbccfd4996cb3dc -> 
  custom:container-muxer-webm: aa71ff27fc2769a1b78a27578f13a17b -> 
  custom:container-demuxer-webm: 4f35f7cbe854078d1ac9338744f61a02 -> 
  custom:video-encoder-webm-vp8: eb34c28f22e8b96e1ab97ce403110664 -> 
  custom:audio-encoder-webm-vorbis: bf7c407c2cedff20999df2af8eb42d56 -> 
  custom:framework-win-MediaFoundation: 216162199b28c13a410421893ffa2e32 -> 
  custom:container-demuxer-ogg: 62fdf1f143b41e24485cea50d1cbac27 -> 
  custom:video-decoder-webm-vp8: 9c59270c3fd7afecdb556c50c9e8de78 -> 
  custom:audio-decoder-ogg-vorbis: bf7c407c2cedff20999df2af8eb42d56 -> 
========================================================================
Received Import Request.
  Time since last request: 1375.724640 seconds.
  path: Assets/Art/BasicTiles.prefab
  artifactKey: Guid(7656d80ba96d3db48b13f3d89772044c) Importer(815301076,1909f56bfc062723c751e8b465ee728b)
Start importing Assets/Art/BasicTiles.prefab using Guid(7656d80ba96d3db48b13f3d89772044c) Importer(815301076,1909f56bfc062723c751e8b465ee728b)  -> (artifact id: '788054b17bc0b1f9c64c31b0d8be0305') in 0.076688 seconds 
========================================================================
Received Import Request.
  Time since last request: 15.763414 seconds.
  path: Assets/Art/BasicTiles.prefab
  artifactKey: Guid(7656d80ba96d3db48b13f3d89772044c) Importer(815301076,1909f56bfc062723c751e8b465ee728b)
Start importing Assets/Art/BasicTiles.prefab using Guid(7656d80ba96d3db48b13f3d89772044c) Importer(815301076,1909f56bfc062723c751e8b465ee728b)  -> (artifact id: 'c5bcdde8a1ab2a011add05750221b119') in 0.015846 seconds 
========================================================================
Received Import Request.
  Time since last request: 5.988700 seconds.
  path: Assets/Art/BasicTiles.prefab
  artifactKey: Guid(7656d80ba96d3db48b13f3d89772044c) Importer(815301076,1909f56bfc062723c751e8b465ee728b)
Start importing Assets/Art/BasicTiles.prefab using Guid(7656d80ba96d3db48b13f3d89772044c) Importer(815301076,1909f56bfc062723c751e8b465ee728b)  -> (artifact id: '0597a2b29e1e7a3866b2e8125babe454') in 0.024524 seconds 
========================================================================
Received Import Request.
  Time since last request: 13.395854 seconds.
  path: Assets/Art/TileSet1stTry.png
  artifactKey: Guid(4bab28f65e6a1714485a27fd94ad51ce) Importer(815301076,1909f56bfc062723c751e8b465ee728b)
Start importing Assets/Art/TileSet1stTry.png using Guid(4bab28f65e6a1714485a27fd94ad51ce) Importer(815301076,1909f56bfc062723c751e8b465ee728b)  -> (artifact id: 'b334268d90fef17c2f2c54e28f0f5063') in 0.032127 seconds 
========================================================================
Received Import Request.
  Time since last request: 7.136103 seconds.
  path: Assets/Art/BasicTiles.prefab
  artifactKey: Guid(7656d80ba96d3db48b13f3d89772044c) Importer(815301076,1909f56bfc062723c751e8b465ee728b)
Start importing Assets/Art/BasicTiles.prefab using Guid(7656d80ba96d3db48b13f3d89772044c) Importer(815301076,1909f56bfc062723c751e8b465ee728b)  -> (artifact id: '911f17b2bbfedbbdeac6af6ea35240ec') in 0.024189 seconds 
========================================================================
Received Import Request.
  Time since last request: 5.963898 seconds.
  path: Assets/Art/BasicTiles.prefab
  artifactKey: Guid(7656d80ba96d3db48b13f3d89772044c) Importer(815301076,1909f56bfc062723c751e8b465ee728b)
Start importing Assets/Art/BasicTiles.prefab using Guid(7656d80ba96d3db48b13f3d89772044c) Importer(815301076,1909f56bfc062723c751e8b465ee728b)  -> (artifact id: '018f1b2151f62b2f4948dfc5f9e95b46') in 0.020189 seconds 
========================================================================
Received Import Request.
  Time since last request: 5.743712 seconds.
  path: Assets/Art/TileSet1stTry.png
  artifactKey: Guid(4bab28f65e6a1714485a27fd94ad51ce) Importer(815301076,1909f56bfc062723c751e8b465ee728b)
Start importing Assets/Art/TileSet1stTry.png using Guid(4bab28f65e6a1714485a27fd94ad51ce) Importer(815301076,1909f56bfc062723c751e8b465ee728b)  -> (artifact id: 'a214e69dd0f1a00df11e304f1ecc2d9a') in 0.055419 seconds 
========================================================================
Received Import Request.
  Time since last request: 7.071591 seconds.
  path: Assets/Art/BasicTiles.prefab
  artifactKey: Guid(7656d80ba96d3db48b13f3d89772044c) Importer(815301076,1909f56bfc062723c751e8b465ee728b)
Start importing Assets/Art/BasicTiles.prefab using Guid(7656d80ba96d3db48b13f3d89772044c) Importer(815301076,1909f56bfc062723c751e8b465ee728b)  -> (artifact id: 'eefbc59655cb28224137c5019a3f96c3') in 0.022053 seconds 
========================================================================
Received Import Request.
  Time since last request: 5.604679 seconds.
  path: Assets/Art/BasicTiles.prefab
  artifactKey: Guid(7656d80ba96d3db48b13f3d89772044c) Importer(815301076,1909f56bfc062723c751e8b465ee728b)
Start importing Assets/Art/BasicTiles.prefab using Guid(7656d80ba96d3db48b13f3d89772044c) Importer(815301076,1909f56bfc062723c751e8b465ee728b)  -> (artifact id: '14f8534a65f2192078ca652b814e62f0') in 0.019429 seconds 
========================================================================
Received Import Request.
  Time since last request: 38.208687 seconds.
  path: Assets/Art/DogWlkingSprite.png
  artifactKey: Guid(88b35ee989f87794aa5f6d3855414bed) Importer(815301076,1909f56bfc062723c751e8b465ee728b)
Start importing Assets/Art/DogWlkingSprite.png using Guid(88b35ee989f87794aa5f6d3855414bed) Importer(815301076,1909f56bfc062723c751e8b465ee728b)  -> (artifact id: 'e44ba46a9a88b4dd635df5305b8f8d42') in 0.012639 seconds 
