Using pre-set license
Built from '2022.3/staging' branch; Version is '2022.3.4f1 (35713cd46cd7) revision 3502396'; Using compiler version '192829333'; Build Type 'Release'
OS: 'Windows 11  (10.0.22621) 64bit Core' Language: 'en' Physical Memory: 15774 MB
BatchMode: 1, IsHumanControllingUs: 0, StartBugReporterOnCrash: 0, Is64bit: 1, IsPro: 1

COMMAND LINE ARGUMENTS:
C:\Program Files\Unity\Hub\Editor\2022.3.4f1\Editor\Unity.exe
-adb2
-batchMode
-noUpm
-name
AssetImportWorker6
-projectPath
C:/Users/diogo/Documents/VGP114Project
-logFile
Logs/AssetImportWorker6.log
-srvPort
58870
Successfully changed project path to: C:/Users/diogo/Documents/VGP114Project
C:/Users/diogo/Documents/VGP114Project
[UnityMemory] Configuration Parameters - Can be set up in boot.config
    "memorysetup-bucket-allocator-granularity=16"
    "memorysetup-bucket-allocator-bucket-count=8"
    "memorysetup-bucket-allocator-block-size=33554432"
    "memorysetup-bucket-allocator-block-count=8"
    "memorysetup-main-allocator-block-size=16777216"
    "memorysetup-thread-allocator-block-size=16777216"
    "memorysetup-gfx-main-allocator-block-size=16777216"
    "memorysetup-gfx-thread-allocator-block-size=16777216"
    "memorysetup-cache-allocator-block-size=4194304"
    "memorysetup-typetree-allocator-block-size=2097152"
    "memorysetup-profiler-bucket-allocator-granularity=16"
    "memorysetup-profiler-bucket-allocator-bucket-count=8"
    "memorysetup-profiler-bucket-allocator-block-size=33554432"
    "memorysetup-profiler-bucket-allocator-block-count=8"
    "memorysetup-profiler-allocator-block-size=16777216"
    "memorysetup-profiler-editor-allocator-block-size=1048576"
    "memorysetup-temp-allocator-size-main=16777216"
    "memorysetup-job-temp-allocator-block-size=2097152"
    "memorysetup-job-temp-allocator-block-size-background=1048576"
    "memorysetup-job-temp-allocator-reduction-small-platforms=262144"
    "memorysetup-allocator-temp-initial-block-size-main=262144"
    "memorysetup-allocator-temp-initial-block-size-worker=262144"
    "memorysetup-temp-allocator-size-background-worker=32768"
    "memorysetup-temp-allocator-size-job-worker=262144"
    "memorysetup-temp-allocator-size-preload-manager=33554432"
    "memorysetup-temp-allocator-size-nav-mesh-worker=65536"
    "memorysetup-temp-allocator-size-audio-worker=65536"
    "memorysetup-temp-allocator-size-cloud-worker=32768"
    "memorysetup-temp-allocator-size-gi-baking-worker=262144"
    "memorysetup-temp-allocator-size-gfx=262144"
Player connection [23684] Host "[IP] 10.197.87.28 [Port] 0 [Flags] 2 [Guid] 495952254 [EditorId] 495952254 [Version] 1048832 [Id] WindowsEditor(7,Diogos-Blade14) [Debug] 1 [PackageName] WindowsEditor [ProjectName] Editor" joined multi-casting on [225.0.0.222:54997]...

Player connection [23684] Host "[IP] 10.197.87.28 [Port] 0 [Flags] 2 [Guid] 495952254 [EditorId] 495952254 [Version] 1048832 [Id] WindowsEditor(7,Diogos-Blade14) [Debug] 1 [PackageName] WindowsEditor [ProjectName] Editor" joined alternative multi-casting on [225.0.0.222:34997]...

Refreshing native plugins compatible for Editor in 12.70 ms, found 4 plugins.
Preloading 0 native plugins for Editor in 0.00 ms.
Initialize engine version: 2022.3.4f1 (35713cd46cd7)
[Subsystems] Discovering subsystems at path C:/Program Files/Unity/Hub/Editor/2022.3.4f1/Editor/Data/Resources/UnitySubsystems
[Subsystems] Discovering subsystems at path C:/Users/diogo/Documents/VGP114Project/Assets
GfxDevice: creating device client; threaded=0; jobified=0
Direct3D:
    Version:  Direct3D 11.0 [level 11.1]
    Renderer: NVIDIA GeForce RTX 3080 Laptop GPU (ID=0x249c)
    Vendor:   NVIDIA
    VRAM:     8031 MB
    Driver:   31.0.15.3667
Initialize mono
Mono path[0] = 'C:/Program Files/Unity/Hub/Editor/2022.3.4f1/Editor/Data/Managed'
Mono path[1] = 'C:/Program Files/Unity/Hub/Editor/2022.3.4f1/Editor/Data/MonoBleedingEdge/lib/mono/unityjit-win32'
Mono config path = 'C:/Program Files/Unity/Hub/Editor/2022.3.4f1/Editor/Data/MonoBleedingEdge/etc'
Using monoOptions --debugger-agent=transport=dt_socket,embedding=1,server=y,suspend=n,address=127.0.0.1:56944
Begin MonoManager ReloadAssembly
Registering precompiled unity dll's ...
Register platform support module: C:/Program Files/Unity/Hub/Editor/2022.3.4f1/Editor/Data/PlaybackEngines/WebGLSupport/UnityEditor.WebGL.Extensions.dll
Register platform support module: C:/Program Files/Unity/Hub/Editor/2022.3.4f1/Editor/Data/PlaybackEngines/WindowsStandaloneSupport/UnityEditor.WindowsStandalone.Extensions.dll
Registered in 0.007482 seconds.
- Loaded All Assemblies, in  0.419 seconds
Native extension for WindowsStandalone target not found
Native extension for WebGL target not found
Mono: successfully reloaded assembly
- Finished resetting the current domain, in  0.327 seconds
Domain Reload Profiling: 745ms
	BeginReloadAssembly (98ms)
		ExecutionOrderSort (0ms)
		DisableScriptedObjects (0ms)
		BackupInstance (0ms)
		ReleaseScriptingObjects (0ms)
		CreateAndSetChildDomain (1ms)
	RebuildCommonClasses (46ms)
	RebuildNativeTypeToScriptingClass (11ms)
	initialDomainReloadingComplete (75ms)
	LoadAllAssembliesAndSetupDomain (188ms)
		LoadAssemblies (96ms)
		RebuildTransferFunctionScriptingTraits (0ms)
		AnalyzeDomain (180ms)
			TypeCache.Refresh (179ms)
				TypeCache.ScanAssembly (162ms)
			ScanForSourceGeneratedMonoScriptInfo (0ms)
			ResolveRequiredComponents (0ms)
	FinalizeReload (328ms)
		ReleaseScriptCaches (0ms)
		RebuildScriptCaches (0ms)
		SetupLoadedEditorAssemblies (251ms)
			LogAssemblyErrors (0ms)
			InitializePlatformSupportModulesInManaged (13ms)
			SetLoadedEditorAssemblies (8ms)
			RefreshPlugins (0ms)
			BeforeProcessingInitializeOnLoad (3ms)
			ProcessInitializeOnLoadAttributes (170ms)
			ProcessInitializeOnLoadMethodAttributes (57ms)
			AfterProcessingInitializeOnLoad (0ms)
			EditorAssembliesLoaded (0ms)
		ExecutionOrderSort2 (0ms)
		AwakeInstancesAfterBackupRestoration (0ms)
========================================================================
Worker process is ready to serve import requests
Begin MonoManager ReloadAssembly
Symbol file LoadedFromMemory doesn't match image C:\Users\diogo\Documents\VGP114Project\Library\PackageCache\com.unity.visualscripting@1.8.0\Editor\VisualScripting.Core\Dependencies\YamlDotNet\Unity.VisualScripting.YamlDotNet.dll
Symbol file LoadedFromMemory doesn't match image C:\Users\diogo\Documents\VGP114Project\Library\PackageCache\com.unity.visualscripting@1.8.0\Editor\VisualScripting.Core\Dependencies\DotNetZip\Unity.VisualScripting.IonicZip.dll
- Loaded All Assemblies, in  0.649 seconds
Refreshing native plugins compatible for Editor in 3.90 ms, found 4 plugins.
Native extension for WindowsStandalone target not found
Native extension for WebGL target not found
Mono: successfully reloaded assembly
- Finished resetting the current domain, in  0.513 seconds
Domain Reload Profiling: 1160ms
	BeginReloadAssembly (108ms)
		ExecutionOrderSort (0ms)
		DisableScriptedObjects (4ms)
		BackupInstance (0ms)
		ReleaseScriptingObjects (0ms)
		CreateAndSetChildDomain (20ms)
	RebuildCommonClasses (31ms)
	RebuildNativeTypeToScriptingClass (10ms)
	initialDomainReloadingComplete (37ms)
	LoadAllAssembliesAndSetupDomain (461ms)
		LoadAssemblies (247ms)
		RebuildTransferFunctionScriptingTraits (0ms)
		AnalyzeDomain (257ms)
			TypeCache.Refresh (232ms)
				TypeCache.ScanAssembly (221ms)
			ScanForSourceGeneratedMonoScriptInfo (21ms)
			ResolveRequiredComponents (3ms)
	FinalizeReload (514ms)
		ReleaseScriptCaches (0ms)
		RebuildScriptCaches (0ms)
		SetupLoadedEditorAssemblies (360ms)
			LogAssemblyErrors (0ms)
			InitializePlatformSupportModulesInManaged (6ms)
			SetLoadedEditorAssemblies (3ms)
			RefreshPlugins (0ms)
			BeforeProcessingInitializeOnLoad (67ms)
			ProcessInitializeOnLoadAttributes (245ms)
			ProcessInitializeOnLoadMethodAttributes (34ms)
			AfterProcessingInitializeOnLoad (6ms)
			EditorAssembliesLoaded (0ms)
		ExecutionOrderSort2 (0ms)
		AwakeInstancesAfterBackupRestoration (6ms)
Launched and connected shader compiler UnityShaderCompiler.exe after 0.04 seconds
Refreshing native plugins compatible for Editor in 5.58 ms, found 4 plugins.
Preloading 0 native plugins for Editor in 0.00 ms.
Unloading 4047 Unused Serialized files (Serialized files now loaded: 0)
Unloading 63 unused Assets / (60.4 KB). Loaded Objects now: 4511.
Memory consumption went from 139.9 MB to 139.9 MB.
Total: 3.566000 ms (FindLiveObjects: 0.314200 ms CreateObjectMapping: 0.315500 ms MarkObjects: 2.813500 ms  DeleteObjects: 0.120900 ms)

AssetImportParameters requested are different than current active one (requested -> active):
  custom:container-demuxer-ogg: 62fdf1f143b41e24485cea50d1cbac27 -> 
  custom:video-decoder-ogg-theora: a1e56fd34408186e4bbccfd4996cb3dc -> 
  custom:framework-win-MediaFoundation: 216162199b28c13a410421893ffa2e32 -> 
  custom:CustomObjectIndexerAttribute: 756ad292c208cfabdd7b50bc23989ffe -> 
  custom:container-demuxer-webm: 4f35f7cbe854078d1ac9338744f61a02 -> 
  custom:container-muxer-webm: aa71ff27fc2769a1b78a27578f13a17b -> 
  custom:video-decoder-webm-vp8: 9c59270c3fd7afecdb556c50c9e8de78 -> 
  custom:AudioImporter_EditorPlatform: d09bf68614088b80899f8185d706f6e7 -> 
  custom:video-encoder-webm-vp8: eb34c28f22e8b96e1ab97ce403110664 -> 
  custom:audio-decoder-ogg-vorbis: bf7c407c2cedff20999df2af8eb42d56 -> 
  custom:audio-encoder-webm-vorbis: bf7c407c2cedff20999df2af8eb42d56 -> 
========================================================================
Received Import Request.
  Time since last request: 2483311.168607 seconds.
  path: Assets/Art/BasicTilesAssets/TileSet1stTry_0.asset
  artifactKey: Guid(44f185572a181974fa753712191bb460) Importer(815301076,1909f56bfc062723c751e8b465ee728b)
Start importing Assets/Art/BasicTilesAssets/TileSet1stTry_0.asset using Guid(44f185572a181974fa753712191bb460) Importer(815301076,1909f56bfc062723c751e8b465ee728b)  -> (artifact id: '6d23cca6dab78700016dfed1cac09bb9') in 0.102749 seconds
Number of updated asset objects reloaded before import = 0
Number of asset objects unloaded after import = 3
========================================================================
Received Import Request.
  Time since last request: 0.000033 seconds.
  path: Assets/Art/BasicTilesAssets/TileSet1stTry_5.asset
  artifactKey: Guid(e00d14fb7afe6fc4b89517ad24ad3291) Importer(815301076,1909f56bfc062723c751e8b465ee728b)
Start importing Assets/Art/BasicTilesAssets/TileSet1stTry_5.asset using Guid(e00d14fb7afe6fc4b89517ad24ad3291) Importer(815301076,1909f56bfc062723c751e8b465ee728b)  -> (artifact id: '1621e6444997346c8951ddb42d0361e7') in 0.010014 seconds
Number of updated asset objects reloaded before import = 0
Number of asset objects unloaded after import = 3
========================================================================
Received Import Request.
  Time since last request: 0.000030 seconds.
  path: Assets/Art/BasicTilesAssets/TileSet1stTry_8.asset
  artifactKey: Guid(58cffb8c20113e14e95be165e552845c) Importer(815301076,1909f56bfc062723c751e8b465ee728b)
Start importing Assets/Art/BasicTilesAssets/TileSet1stTry_8.asset using Guid(58cffb8c20113e14e95be165e552845c) Importer(815301076,1909f56bfc062723c751e8b465ee728b)  -> (artifact id: '124ed3e71c0d0e095a22b15f94096269') in 0.008174 seconds
Number of updated asset objects reloaded before import = 0
Number of asset objects unloaded after import = 3
========================================================================
Received Import Request.
  Time since last request: 0.000032 seconds.
  path: Assets/Art/BasicTilesAssets/TileSet1stTry_11.asset
  artifactKey: Guid(1329fe7380b74f045a16fc582f9f3a34) Importer(815301076,1909f56bfc062723c751e8b465ee728b)
Start importing Assets/Art/BasicTilesAssets/TileSet1stTry_11.asset using Guid(1329fe7380b74f045a16fc582f9f3a34) Importer(815301076,1909f56bfc062723c751e8b465ee728b)  -> (artifact id: 'f8a4a4b9ee63cffe2dbd26ce37436a18') in 0.008762 seconds
Number of updated asset objects reloaded before import = 0
Number of asset objects unloaded after import = 3
========================================================================
Received Import Request.
  Time since last request: 0.000023 seconds.
  path: Assets/Art/BasicTilesAssets/TileSet1stTry_15.asset
  artifactKey: Guid(fc0d78e935924e24d99efa5ae1149177) Importer(815301076,1909f56bfc062723c751e8b465ee728b)
Start importing Assets/Art/BasicTilesAssets/TileSet1stTry_15.asset using Guid(fc0d78e935924e24d99efa5ae1149177) Importer(815301076,1909f56bfc062723c751e8b465ee728b)  -> (artifact id: 'f8a6b99a91e31e4a1fa44528cfd5a177') in 0.008318 seconds
Number of updated asset objects reloaded before import = 0
Number of asset objects unloaded after import = 3
========================================================================
Received Import Request.
  Time since last request: 0.000015 seconds.
  path: Assets/Art/BasicTilesAssets/TileSet1stTry_4.asset
  artifactKey: Guid(9b4bb9a33cd048b4ebf01dd3de48a99e) Importer(815301076,1909f56bfc062723c751e8b465ee728b)
Start importing Assets/Art/BasicTilesAssets/TileSet1stTry_4.asset using Guid(9b4bb9a33cd048b4ebf01dd3de48a99e) Importer(815301076,1909f56bfc062723c751e8b465ee728b)  -> (artifact id: '8607da563c5d0824c75e4f72264f4584') in 0.006410 seconds
Number of updated asset objects reloaded before import = 0
Number of asset objects unloaded after import = 3
========================================================================
Received Import Request.
  Time since last request: 0.000017 seconds.
  path: Assets/Art/BasicTilesAssets/TileSet1stTry_3.asset
  artifactKey: Guid(628b801613c0f8e44b23924964fc54bd) Importer(815301076,1909f56bfc062723c751e8b465ee728b)
Start importing Assets/Art/BasicTilesAssets/TileSet1stTry_3.asset using Guid(628b801613c0f8e44b23924964fc54bd) Importer(815301076,1909f56bfc062723c751e8b465ee728b)  -> (artifact id: '7d6d0d13ca55a3c69921cf97eff5004f') in 0.006725 seconds
Number of updated asset objects reloaded before import = 0
Number of asset objects unloaded after import = 3
========================================================================
Received Import Request.
  Time since last request: 0.000019 seconds.
  path: Assets/Art/BasicTilesAssets/TileSet1stTry_7.asset
  artifactKey: Guid(e15d8757a9d88134c8fa52c1d4c41280) Importer(815301076,1909f56bfc062723c751e8b465ee728b)
Start importing Assets/Art/BasicTilesAssets/TileSet1stTry_7.asset using Guid(e15d8757a9d88134c8fa52c1d4c41280) Importer(815301076,1909f56bfc062723c751e8b465ee728b)  -> (artifact id: 'd10d4fc3802601e2ebf1dfbf2aadc660') in 0.008157 seconds
Number of updated asset objects reloaded before import = 0
Number of asset objects unloaded after import = 3
========================================================================
Received Import Request.
  Time since last request: 0.000019 seconds.
  path: Assets/Art/BasicTilesAssets/TileSet1stTry_16.asset
  artifactKey: Guid(933fc86b360a4c848bf3e9cbacafe6cf) Importer(815301076,1909f56bfc062723c751e8b465ee728b)
Start importing Assets/Art/BasicTilesAssets/TileSet1stTry_16.asset using Guid(933fc86b360a4c848bf3e9cbacafe6cf) Importer(815301076,1909f56bfc062723c751e8b465ee728b)  -> (artifact id: 'e7cb434287efd6363220f7cfee2f16fd') in 0.012542 seconds
Number of updated asset objects reloaded before import = 0
Number of asset objects unloaded after import = 3
========================================================================
Received Import Request.
  Time since last request: 0.000016 seconds.
  path: Assets/Art/BasicTilesAssets/TileSet1stTry_9.asset
  artifactKey: Guid(b8da33d626f9da244a53394ff6024c2f) Importer(815301076,1909f56bfc062723c751e8b465ee728b)
Start importing Assets/Art/BasicTilesAssets/TileSet1stTry_9.asset using Guid(b8da33d626f9da244a53394ff6024c2f) Importer(815301076,1909f56bfc062723c751e8b465ee728b)  -> (artifact id: '90887048588b689832c86607ba4fd1bb') in 0.009318 seconds
Number of updated asset objects reloaded before import = 0
Number of asset objects unloaded after import = 3
========================================================================
Received Import Request.
  Time since last request: 0.000023 seconds.
  path: Assets/Art/BasicTilesAssets/TileSet1stTry_2.asset
  artifactKey: Guid(0a46949d7cb0818479f54d072e809f2b) Importer(815301076,1909f56bfc062723c751e8b465ee728b)
Start importing Assets/Art/BasicTilesAssets/TileSet1stTry_2.asset using Guid(0a46949d7cb0818479f54d072e809f2b) Importer(815301076,1909f56bfc062723c751e8b465ee728b)  -> (artifact id: 'befb98295b26d62f8039c758e1a54b6e') in 0.007042 seconds
Number of updated asset objects reloaded before import = 0
Number of asset objects unloaded after import = 3
Editor requested this worker to shutdown with reason: Scaling down because of idle timeout
TcpMessagingSession - receive error: operation aborted. errorcode: 995, details: The I/O operation has been aborted because of either a thread exit or an application request.
AssetImportWorker is now disconnected from the server
Process exiting
Exiting without the bug reporter. Application will terminate with return code 0