Using pre-set license
Built from '2022.3/staging' branch; Version is '2022.3.4f1 (35713cd46cd7) revision 3502396'; Using compiler version '192829333'; Build Type 'Release'
OS: 'Windows 11  (10.0.22621) 64bit Core' Language: 'en' Physical Memory: 15774 MB
BatchMode: 1, IsHumanControllingUs: 0, StartBugReporterOnCrash: 0, Is64bit: 1, IsPro: 1

COMMAND LINE ARGUMENTS:
C:\Program Files\Unity\Hub\Editor\2022.3.4f1\Editor\Unity.exe
-adb2
-batchMode
-noUpm
-name
AssetImportWorker0
-projectPath
C:/Users/diogo/Documents/VGP114Project
-logFile
Logs/AssetImportWorker0.log
-srvPort
58724
Successfully changed project path to: C:/Users/diogo/Documents/VGP114Project
C:/Users/diogo/Documents/VGP114Project
[UnityMemory] Configuration Parameters - Can be set up in boot.config
    "memorysetup-bucket-allocator-granularity=16"
    "memorysetup-bucket-allocator-bucket-count=8"
    "memorysetup-bucket-allocator-block-size=33554432"
    "memorysetup-bucket-allocator-block-count=8"
    "memorysetup-main-allocator-block-size=16777216"
    "memorysetup-thread-allocator-block-size=16777216"
    "memorysetup-gfx-main-allocator-block-size=16777216"
    "memorysetup-gfx-thread-allocator-block-size=16777216"
    "memorysetup-cache-allocator-block-size=4194304"
    "memorysetup-typetree-allocator-block-size=2097152"
    "memorysetup-profiler-bucket-allocator-granularity=16"
    "memorysetup-profiler-bucket-allocator-bucket-count=8"
    "memorysetup-profiler-bucket-allocator-block-size=33554432"
    "memorysetup-profiler-bucket-allocator-block-count=8"
    "memorysetup-profiler-allocator-block-size=16777216"
    "memorysetup-profiler-editor-allocator-block-size=1048576"
    "memorysetup-temp-allocator-size-main=16777216"
    "memorysetup-job-temp-allocator-block-size=2097152"
    "memorysetup-job-temp-allocator-block-size-background=1048576"
    "memorysetup-job-temp-allocator-reduction-small-platforms=262144"
    "memorysetup-allocator-temp-initial-block-size-main=262144"
    "memorysetup-allocator-temp-initial-block-size-worker=262144"
    "memorysetup-temp-allocator-size-background-worker=32768"
    "memorysetup-temp-allocator-size-job-worker=262144"
    "memorysetup-temp-allocator-size-preload-manager=33554432"
    "memorysetup-temp-allocator-size-nav-mesh-worker=65536"
    "memorysetup-temp-allocator-size-audio-worker=65536"
    "memorysetup-temp-allocator-size-cloud-worker=32768"
    "memorysetup-temp-allocator-size-gi-baking-worker=262144"
    "memorysetup-temp-allocator-size-gfx=262144"
Player connection [19460] Host "[IP] 10.197.87.28 [Port] 0 [Flags] 2 [Guid] 3738563147 [EditorId] 3738563147 [Version] 1048832 [Id] WindowsEditor(7,Diogos-Blade14) [Debug] 1 [PackageName] WindowsEditor [ProjectName] Editor" joined multi-casting on [225.0.0.222:54997]...

Player connection [19460] Host "[IP] 10.197.87.28 [Port] 0 [Flags] 2 [Guid] 3738563147 [EditorId] 3738563147 [Version] 1048832 [Id] WindowsEditor(7,Diogos-Blade14) [Debug] 1 [PackageName] WindowsEditor [ProjectName] Editor" joined alternative multi-casting on [225.0.0.222:34997]...

Refreshing native plugins compatible for Editor in 9.36 ms, found 4 plugins.
Preloading 0 native plugins for Editor in 0.00 ms.
Initialize engine version: 2022.3.4f1 (35713cd46cd7)
[Subsystems] Discovering subsystems at path C:/Program Files/Unity/Hub/Editor/2022.3.4f1/Editor/Data/Resources/UnitySubsystems
[Subsystems] Discovering subsystems at path C:/Users/diogo/Documents/VGP114Project/Assets
GfxDevice: creating device client; threaded=0; jobified=0
Direct3D:
    Version:  Direct3D 11.0 [level 11.1]
    Renderer: NVIDIA GeForce RTX 3080 Laptop GPU (ID=0x249c)
    Vendor:   NVIDIA
    VRAM:     8031 MB
    Driver:   31.0.15.3667
Initialize mono
Mono path[0] = 'C:/Program Files/Unity/Hub/Editor/2022.3.4f1/Editor/Data/Managed'
Mono path[1] = 'C:/Program Files/Unity/Hub/Editor/2022.3.4f1/Editor/Data/MonoBleedingEdge/lib/mono/unityjit-win32'
Mono config path = 'C:/Program Files/Unity/Hub/Editor/2022.3.4f1/Editor/Data/MonoBleedingEdge/etc'
Using monoOptions --debugger-agent=transport=dt_socket,embedding=1,server=y,suspend=n,address=127.0.0.1:56860
Begin MonoManager ReloadAssembly
Registering precompiled unity dll's ...
Register platform support module: C:/Program Files/Unity/Hub/Editor/2022.3.4f1/Editor/Data/PlaybackEngines/WebGLSupport/UnityEditor.WebGL.Extensions.dll
Register platform support module: C:/Program Files/Unity/Hub/Editor/2022.3.4f1/Editor/Data/PlaybackEngines/WindowsStandaloneSupport/UnityEditor.WindowsStandalone.Extensions.dll
Registered in 0.006070 seconds.
- Loaded All Assemblies, in  0.306 seconds
Native extension for WindowsStandalone target not found
Native extension for WebGL target not found
Mono: successfully reloaded assembly
- Finished resetting the current domain, in  0.244 seconds
Domain Reload Profiling: 549ms
	BeginReloadAssembly (75ms)
		ExecutionOrderSort (0ms)
		DisableScriptedObjects (0ms)
		BackupInstance (0ms)
		ReleaseScriptingObjects (0ms)
		CreateAndSetChildDomain (1ms)
	RebuildCommonClasses (29ms)
	RebuildNativeTypeToScriptingClass (8ms)
	initialDomainReloadingComplete (53ms)
	LoadAllAssembliesAndSetupDomain (138ms)
		LoadAssemblies (73ms)
		RebuildTransferFunctionScriptingTraits (0ms)
		AnalyzeDomain (133ms)
			TypeCache.Refresh (132ms)
				TypeCache.ScanAssembly (120ms)
			ScanForSourceGeneratedMonoScriptInfo (0ms)
			ResolveRequiredComponents (0ms)
	FinalizeReload (244ms)
		ReleaseScriptCaches (0ms)
		RebuildScriptCaches (0ms)
		SetupLoadedEditorAssemblies (188ms)
			LogAssemblyErrors (0ms)
			InitializePlatformSupportModulesInManaged (10ms)
			SetLoadedEditorAssemblies (6ms)
			RefreshPlugins (0ms)
			BeforeProcessingInitializeOnLoad (2ms)
			ProcessInitializeOnLoadAttributes (129ms)
			ProcessInitializeOnLoadMethodAttributes (41ms)
			AfterProcessingInitializeOnLoad (0ms)
			EditorAssembliesLoaded (0ms)
		ExecutionOrderSort2 (0ms)
		AwakeInstancesAfterBackupRestoration (0ms)
========================================================================
Worker process is ready to serve import requests
Begin MonoManager ReloadAssembly
Symbol file LoadedFromMemory doesn't match image C:\Users\diogo\Documents\VGP114Project\Library\PackageCache\com.unity.visualscripting@1.8.0\Editor\VisualScripting.Core\Dependencies\YamlDotNet\Unity.VisualScripting.YamlDotNet.dll
Symbol file LoadedFromMemory doesn't match image C:\Users\diogo\Documents\VGP114Project\Library\PackageCache\com.unity.visualscripting@1.8.0\Editor\VisualScripting.Core\Dependencies\DotNetZip\Unity.VisualScripting.IonicZip.dll
- Loaded All Assemblies, in  0.740 seconds
Refreshing native plugins compatible for Editor in 3.59 ms, found 4 plugins.
Native extension for WindowsStandalone target not found
Native extension for WebGL target not found
Mono: successfully reloaded assembly
- Finished resetting the current domain, in  0.689 seconds
Domain Reload Profiling: 1426ms
	BeginReloadAssembly (124ms)
		ExecutionOrderSort (0ms)
		DisableScriptedObjects (5ms)
		BackupInstance (0ms)
		ReleaseScriptingObjects (0ms)
		CreateAndSetChildDomain (27ms)
	RebuildCommonClasses (30ms)
	RebuildNativeTypeToScriptingClass (8ms)
	initialDomainReloadingComplete (42ms)
	LoadAllAssembliesAndSetupDomain (532ms)
		LoadAssemblies (282ms)
		RebuildTransferFunctionScriptingTraits (0ms)
		AnalyzeDomain (302ms)
			TypeCache.Refresh (278ms)
				TypeCache.ScanAssembly (263ms)
			ScanForSourceGeneratedMonoScriptInfo (21ms)
			ResolveRequiredComponents (3ms)
	FinalizeReload (689ms)
		ReleaseScriptCaches (0ms)
		RebuildScriptCaches (0ms)
		SetupLoadedEditorAssemblies (476ms)
			LogAssemblyErrors (0ms)
			InitializePlatformSupportModulesInManaged (8ms)
			SetLoadedEditorAssemblies (4ms)
			RefreshPlugins (0ms)
			BeforeProcessingInitializeOnLoad (78ms)
			ProcessInitializeOnLoadAttributes (332ms)
			ProcessInitializeOnLoadMethodAttributes (44ms)
			AfterProcessingInitializeOnLoad (10ms)
			EditorAssembliesLoaded (0ms)
		ExecutionOrderSort2 (0ms)
		AwakeInstancesAfterBackupRestoration (9ms)
Launched and connected shader compiler UnityShaderCompiler.exe after 0.06 seconds
Refreshing native plugins compatible for Editor in 5.14 ms, found 4 plugins.
Preloading 0 native plugins for Editor in 0.00 ms.
Unloading 4047 Unused Serialized files (Serialized files now loaded: 0)
Unloading 63 unused Assets / (60.4 KB). Loaded Objects now: 4511.
Memory consumption went from 139.9 MB to 139.9 MB.
Total: 6.028500 ms (FindLiveObjects: 0.701800 ms CreateObjectMapping: 0.315700 ms MarkObjects: 4.779100 ms  DeleteObjects: 0.230500 ms)

AssetImportParameters requested are different than current active one (requested -> active):
  custom:container-demuxer-ogg: 62fdf1f143b41e24485cea50d1cbac27 -> 
  custom:video-decoder-ogg-theora: a1e56fd34408186e4bbccfd4996cb3dc -> 
  custom:framework-win-MediaFoundation: 216162199b28c13a410421893ffa2e32 -> 
  custom:container-demuxer-webm: 4f35f7cbe854078d1ac9338744f61a02 -> 
  custom:container-muxer-webm: aa71ff27fc2769a1b78a27578f13a17b -> 
  custom:video-decoder-webm-vp8: 9c59270c3fd7afecdb556c50c9e8de78 -> 
  custom:AudioImporter_EditorPlatform: d09bf68614088b80899f8185d706f6e7 -> 
  custom:video-encoder-webm-vp8: eb34c28f22e8b96e1ab97ce403110664 -> 
  custom:audio-decoder-ogg-vorbis: bf7c407c2cedff20999df2af8eb42d56 -> 
  custom:audio-encoder-webm-vorbis: bf7c407c2cedff20999df2af8eb42d56 -> 
========================================================================
Received Import Request.
  Time since last request: 2480278.824327 seconds.
  path: Assets/Art/BasicTilesAssets/TileSet1stTry_19.asset
  artifactKey: Guid(9bc6011591d07d845bb946bd3950dbfb) Importer(815301076,1909f56bfc062723c751e8b465ee728b)
Start importing Assets/Art/BasicTilesAssets/TileSet1stTry_19.asset using Guid(9bc6011591d07d845bb946bd3950dbfb) Importer(815301076,1909f56bfc062723c751e8b465ee728b)  -> (artifact id: '2b5a8d11f564fe54e6d4a57feca2b08a') in 0.075752 seconds
Number of updated asset objects reloaded before import = 0
Number of asset objects unloaded after import = 3
========================================================================
Received Import Request.
  Time since last request: 0.000030 seconds.
  path: Assets/Art/BasicTilesAssets/TileSet1stTry_6.asset
  artifactKey: Guid(087307dfa38786f4c99839d8150b7ae8) Importer(815301076,1909f56bfc062723c751e8b465ee728b)
Start importing Assets/Art/BasicTilesAssets/TileSet1stTry_6.asset using Guid(087307dfa38786f4c99839d8150b7ae8) Importer(815301076,1909f56bfc062723c751e8b465ee728b)  -> (artifact id: 'fdb4e97454af2836e094b0b85c54213d') in 0.013087 seconds
Number of updated asset objects reloaded before import = 0
Number of asset objects unloaded after import = 3
========================================================================
Received Import Request.
  Time since last request: 0.000033 seconds.
  path: Assets/Art/BasicTilesAssets/TileSet1stTry_11.asset
  artifactKey: Guid(1329fe7380b74f045a16fc582f9f3a34) Importer(815301076,1909f56bfc062723c751e8b465ee728b)
Start importing Assets/Art/BasicTilesAssets/TileSet1stTry_11.asset using Guid(1329fe7380b74f045a16fc582f9f3a34) Importer(815301076,1909f56bfc062723c751e8b465ee728b)  -> (artifact id: 'df2ad0399545ba4fc03e137a465ecbba') in 0.014799 seconds
Number of updated asset objects reloaded before import = 0
Number of asset objects unloaded after import = 3
========================================================================
Received Import Request.
  Time since last request: 0.000048 seconds.
  path: Assets/Art/BasicTilesAssets/TileSet1stTry_15.asset
  artifactKey: Guid(fc0d78e935924e24d99efa5ae1149177) Importer(815301076,1909f56bfc062723c751e8b465ee728b)
Start importing Assets/Art/BasicTilesAssets/TileSet1stTry_15.asset using Guid(fc0d78e935924e24d99efa5ae1149177) Importer(815301076,1909f56bfc062723c751e8b465ee728b)  -> (artifact id: 'cd072b64fac6056d06af5e44362368db') in 0.013196 seconds
Number of updated asset objects reloaded before import = 0
Number of asset objects unloaded after import = 3
========================================================================
Received Import Request.
  Time since last request: 0.000047 seconds.
  path: Assets/Art/BasicTilesAssets/TileSet1stTry_0.asset
  artifactKey: Guid(44f185572a181974fa753712191bb460) Importer(815301076,1909f56bfc062723c751e8b465ee728b)
Start importing Assets/Art/BasicTilesAssets/TileSet1stTry_0.asset using Guid(44f185572a181974fa753712191bb460) Importer(815301076,1909f56bfc062723c751e8b465ee728b)  -> (artifact id: '8307c97d5afd71b9097333d293e529f8') in 0.013232 seconds
Number of updated asset objects reloaded before import = 0
Number of asset objects unloaded after import = 3
========================================================================
Received Import Request.
  Time since last request: 0.000025 seconds.
  path: Assets/Art/BasicTilesAssets/TileSet1stTry_17.asset
  artifactKey: Guid(a8c6a9a2fad944a4ca5d6c96267dd979) Importer(815301076,1909f56bfc062723c751e8b465ee728b)
Start importing Assets/Art/BasicTilesAssets/TileSet1stTry_17.asset using Guid(a8c6a9a2fad944a4ca5d6c96267dd979) Importer(815301076,1909f56bfc062723c751e8b465ee728b)  -> (artifact id: 'f796d7515aae7ce0d3516f2c34c281e6') in 0.013794 seconds
Number of updated asset objects reloaded before import = 0
Number of asset objects unloaded after import = 3
========================================================================
Received Import Request.
  Time since last request: 0.000019 seconds.
  path: Assets/Art/BasicTiles.prefab
  artifactKey: Guid(7656d80ba96d3db48b13f3d89772044c) Importer(815301076,1909f56bfc062723c751e8b465ee728b)
Start importing Assets/Art/BasicTiles.prefab using Guid(7656d80ba96d3db48b13f3d89772044c) Importer(815301076,1909f56bfc062723c751e8b465ee728b)  -> (artifact id: '9f5deee9419da50c6eb31f55d7c1ccc8') in 0.053126 seconds
Number of updated asset objects reloaded before import = 0
Number of asset objects unloaded after import = 51
========================================================================
Received Import Request.
  Time since last request: 0.000029 seconds.
  path: Assets/Art/BasicTilesAssets/TileSet1stTry_7.asset
  artifactKey: Guid(e15d8757a9d88134c8fa52c1d4c41280) Importer(815301076,1909f56bfc062723c751e8b465ee728b)
Start importing Assets/Art/BasicTilesAssets/TileSet1stTry_7.asset using Guid(e15d8757a9d88134c8fa52c1d4c41280) Importer(815301076,1909f56bfc062723c751e8b465ee728b)  -> (artifact id: '13a3783989a889ed6a707982ffc97cc4') in 0.013362 seconds
Number of updated asset objects reloaded before import = 0
Number of asset objects unloaded after import = 3
========================================================================
Received Import Request.
  Time since last request: 0.000020 seconds.
  path: Assets/Art/BasicTilesAssets/TileSet1stTry_16.asset
  artifactKey: Guid(933fc86b360a4c848bf3e9cbacafe6cf) Importer(815301076,1909f56bfc062723c751e8b465ee728b)
Start importing Assets/Art/BasicTilesAssets/TileSet1stTry_16.asset using Guid(933fc86b360a4c848bf3e9cbacafe6cf) Importer(815301076,1909f56bfc062723c751e8b465ee728b)  -> (artifact id: 'fe444e23bc4a04da68e1922628b45eda') in 0.013892 seconds
Number of updated asset objects reloaded before import = 0
Number of asset objects unloaded after import = 3
========================================================================
Received Import Request.
  Time since last request: 0.000023 seconds.
  path: Assets/Art/BasicTilesAssets/TileSet1stTry_13.asset
  artifactKey: Guid(3951549027276cb488c03d9be3f0a831) Importer(815301076,1909f56bfc062723c751e8b465ee728b)
Start importing Assets/Art/BasicTilesAssets/TileSet1stTry_13.asset using Guid(3951549027276cb488c03d9be3f0a831) Importer(815301076,1909f56bfc062723c751e8b465ee728b)  -> (artifact id: '1a053ebafee88e5891ec1480b2c09cb8') in 0.016506 seconds
Number of updated asset objects reloaded before import = 0
Number of asset objects unloaded after import = 3
========================================================================
Received Import Request.
  Time since last request: 0.000020 seconds.
  path: Assets/Art/BasicTilesAssets/TileSet1stTry_10.asset
  artifactKey: Guid(3456bef117a85034592ec60970c9bceb) Importer(815301076,1909f56bfc062723c751e8b465ee728b)
Start importing Assets/Art/BasicTilesAssets/TileSet1stTry_10.asset using Guid(3456bef117a85034592ec60970c9bceb) Importer(815301076,1909f56bfc062723c751e8b465ee728b)  -> (artifact id: '33007fc71f25ed32aa9eaa891cc72348') in 0.013175 seconds
Number of updated asset objects reloaded before import = 0
Number of asset objects unloaded after import = 3
========================================================================
Received Import Request.
  Time since last request: 0.000021 seconds.
  path: Assets/Art/BasicTilesAssets/TileSet1stTry_14.asset
  artifactKey: Guid(03e592d6c7734044199981e41e1b7d09) Importer(815301076,1909f56bfc062723c751e8b465ee728b)
Start importing Assets/Art/BasicTilesAssets/TileSet1stTry_14.asset using Guid(03e592d6c7734044199981e41e1b7d09) Importer(815301076,1909f56bfc062723c751e8b465ee728b)  -> (artifact id: '94e1d41ca77c4219dced97f88e5583f6') in 0.013865 seconds
Number of updated asset objects reloaded before import = 0
Number of asset objects unloaded after import = 3
========================================================================
Received Import Request.
  Time since last request: 0.000022 seconds.
  path: Assets/Art/BasicTilesAssets/TileSet1stTry_12.asset
  artifactKey: Guid(a512bdd0ff6d20940b7cd57a056999a1) Importer(815301076,1909f56bfc062723c751e8b465ee728b)
Start importing Assets/Art/BasicTilesAssets/TileSet1stTry_12.asset using Guid(a512bdd0ff6d20940b7cd57a056999a1) Importer(815301076,1909f56bfc062723c751e8b465ee728b)  -> (artifact id: '221ec0c7da15f448c037f352453377ce') in 0.012581 seconds
Number of updated asset objects reloaded before import = 0
Number of asset objects unloaded after import = 3
Editor requested this worker to shutdown with reason: Scaling down because of idle timeout
TcpMessagingSession - receive error: operation aborted. errorcode: 995, details: The I/O operation has been aborted because of either a thread exit or an application request.
AssetImportWorker is now disconnected from the server
Process exiting
Exiting without the bug reporter. Application will terminate with return code 0