Using pre-set license
Built from '2022.3/staging' branch; Version is '2022.3.4f1 (35713cd46cd7) revision 3502396'; Using compiler version '192829333'; Build Type 'Release'
OS: 'Windows 11  (10.0.22621) 64bit Core' Language: 'en' Physical Memory: 15774 MB
BatchMode: 1, IsHumanControllingUs: 0, StartBugReporterOnCrash: 0, Is64bit: 1, IsPro: 1

COMMAND LINE ARGUMENTS:
C:\Program Files\Unity\Hub\Editor\2022.3.4f1\Editor\Unity.exe
-adb2
-batchMode
-noUpm
-name
AssetImportWorker1
-projectPath
C:/Users/diogo/Documents/VGP114Project
-logFile
Logs/AssetImportWorker1.log
-srvPort
60585
Successfully changed project path to: C:/Users/diogo/Documents/VGP114Project
C:/Users/diogo/Documents/VGP114Project
[UnityMemory] Configuration Parameters - Can be set up in boot.config
    "memorysetup-bucket-allocator-granularity=16"
    "memorysetup-bucket-allocator-bucket-count=8"
    "memorysetup-bucket-allocator-block-size=33554432"
    "memorysetup-bucket-allocator-block-count=8"
    "memorysetup-main-allocator-block-size=16777216"
    "memorysetup-thread-allocator-block-size=16777216"
    "memorysetup-gfx-main-allocator-block-size=16777216"
    "memorysetup-gfx-thread-allocator-block-size=16777216"
    "memorysetup-cache-allocator-block-size=4194304"
    "memorysetup-typetree-allocator-block-size=2097152"
    "memorysetup-profiler-bucket-allocator-granularity=16"
    "memorysetup-profiler-bucket-allocator-bucket-count=8"
    "memorysetup-profiler-bucket-allocator-block-size=33554432"
    "memorysetup-profiler-bucket-allocator-block-count=8"
    "memorysetup-profiler-allocator-block-size=16777216"
    "memorysetup-profiler-editor-allocator-block-size=1048576"
    "memorysetup-temp-allocator-size-main=16777216"
    "memorysetup-job-temp-allocator-block-size=2097152"
    "memorysetup-job-temp-allocator-block-size-background=1048576"
    "memorysetup-job-temp-allocator-reduction-small-platforms=262144"
    "memorysetup-allocator-temp-initial-block-size-main=262144"
    "memorysetup-allocator-temp-initial-block-size-worker=262144"
    "memorysetup-temp-allocator-size-background-worker=32768"
    "memorysetup-temp-allocator-size-job-worker=262144"
    "memorysetup-temp-allocator-size-preload-manager=33554432"
    "memorysetup-temp-allocator-size-nav-mesh-worker=65536"
    "memorysetup-temp-allocator-size-audio-worker=65536"
    "memorysetup-temp-allocator-size-cloud-worker=32768"
    "memorysetup-temp-allocator-size-gi-baking-worker=262144"
    "memorysetup-temp-allocator-size-gfx=262144"
Player connection [11620] Host "[IP] 10.197.87.28 [Port] 0 [Flags] 2 [Guid] 944920976 [EditorId] 944920976 [Version] 1048832 [Id] WindowsEditor(7,Diogos-Blade14) [Debug] 1 [PackageName] WindowsEditor [ProjectName] Editor" joined multi-casting on [225.0.0.222:54997]...

Player connection [11620] Host "[IP] 10.197.87.28 [Port] 0 [Flags] 2 [Guid] 944920976 [EditorId] 944920976 [Version] 1048832 [Id] WindowsEditor(7,Diogos-Blade14) [Debug] 1 [PackageName] WindowsEditor [ProjectName] Editor" joined alternative multi-casting on [225.0.0.222:34997]...

Refreshing native plugins compatible for Editor in 9.92 ms, found 4 plugins.
Preloading 0 native plugins for Editor in 0.00 ms.
Initialize engine version: 2022.3.4f1 (35713cd46cd7)
[Subsystems] Discovering subsystems at path C:/Program Files/Unity/Hub/Editor/2022.3.4f1/Editor/Data/Resources/UnitySubsystems
[Subsystems] Discovering subsystems at path C:/Users/diogo/Documents/VGP114Project/Assets
GfxDevice: creating device client; threaded=0; jobified=0
Direct3D:
    Version:  Direct3D 11.0 [level 11.1]
    Renderer: NVIDIA GeForce RTX 3080 Laptop GPU (ID=0x249c)
    Vendor:   NVIDIA
    VRAM:     8031 MB
    Driver:   31.0.15.3667
Initialize mono
Mono path[0] = 'C:/Program Files/Unity/Hub/Editor/2022.3.4f1/Editor/Data/Managed'
Mono path[1] = 'C:/Program Files/Unity/Hub/Editor/2022.3.4f1/Editor/Data/MonoBleedingEdge/lib/mono/unityjit-win32'
Mono config path = 'C:/Program Files/Unity/Hub/Editor/2022.3.4f1/Editor/Data/MonoBleedingEdge/etc'
Using monoOptions --debugger-agent=transport=dt_socket,embedding=1,server=y,suspend=n,address=127.0.0.1:56940
Begin MonoManager ReloadAssembly
Registering precompiled unity dll's ...
Register platform support module: C:/Program Files/Unity/Hub/Editor/2022.3.4f1/Editor/Data/PlaybackEngines/WebGLSupport/UnityEditor.WebGL.Extensions.dll
Register platform support module: C:/Program Files/Unity/Hub/Editor/2022.3.4f1/Editor/Data/PlaybackEngines/WindowsStandaloneSupport/UnityEditor.WindowsStandalone.Extensions.dll
Registered in 0.006595 seconds.
- Loaded All Assemblies, in  0.283 seconds
Native extension for WindowsStandalone target not found
Native extension for WebGL target not found
Mono: successfully reloaded assembly
- Finished resetting the current domain, in  0.223 seconds
Domain Reload Profiling: 505ms
	BeginReloadAssembly (70ms)
		ExecutionOrderSort (0ms)
		DisableScriptedObjects (0ms)
		BackupInstance (0ms)
		ReleaseScriptingObjects (0ms)
		CreateAndSetChildDomain (1ms)
	RebuildCommonClasses (30ms)
	RebuildNativeTypeToScriptingClass (9ms)
	initialDomainReloadingComplete (53ms)
	LoadAllAssembliesAndSetupDomain (119ms)
		LoadAssemblies (68ms)
		RebuildTransferFunctionScriptingTraits (0ms)
		AnalyzeDomain (114ms)
			TypeCache.Refresh (113ms)
				TypeCache.ScanAssembly (101ms)
			ScanForSourceGeneratedMonoScriptInfo (0ms)
			ResolveRequiredComponents (1ms)
	FinalizeReload (223ms)
		ReleaseScriptCaches (0ms)
		RebuildScriptCaches (0ms)
		SetupLoadedEditorAssemblies (172ms)
			LogAssemblyErrors (0ms)
			InitializePlatformSupportModulesInManaged (8ms)
			SetLoadedEditorAssemblies (4ms)
			RefreshPlugins (0ms)
			BeforeProcessingInitializeOnLoad (2ms)
			ProcessInitializeOnLoadAttributes (117ms)
			ProcessInitializeOnLoadMethodAttributes (40ms)
			AfterProcessingInitializeOnLoad (0ms)
			EditorAssembliesLoaded (0ms)
		ExecutionOrderSort2 (0ms)
		AwakeInstancesAfterBackupRestoration (0ms)
========================================================================
Worker process is ready to serve import requests
Begin MonoManager ReloadAssembly
Symbol file LoadedFromMemory doesn't match image C:\Users\diogo\Documents\VGP114Project\Library\PackageCache\com.unity.visualscripting@1.8.0\Editor\VisualScripting.Core\Dependencies\YamlDotNet\Unity.VisualScripting.YamlDotNet.dll
Symbol file LoadedFromMemory doesn't match image C:\Users\diogo\Documents\VGP114Project\Library\PackageCache\com.unity.visualscripting@1.8.0\Editor\VisualScripting.Core\Dependencies\DotNetZip\Unity.VisualScripting.IonicZip.dll
- Loaded All Assemblies, in  0.833 seconds
Refreshing native plugins compatible for Editor in 5.28 ms, found 4 plugins.
Native extension for WindowsStandalone target not found
Native extension for WebGL target not found
Mono: successfully reloaded assembly
- Finished resetting the current domain, in  0.600 seconds
Domain Reload Profiling: 1428ms
	BeginReloadAssembly (143ms)
		ExecutionOrderSort (0ms)
		DisableScriptedObjects (5ms)
		BackupInstance (0ms)
		ReleaseScriptingObjects (0ms)
		CreateAndSetChildDomain (29ms)
	RebuildCommonClasses (38ms)
	RebuildNativeTypeToScriptingClass (12ms)
	initialDomainReloadingComplete (52ms)
	LoadAllAssembliesAndSetupDomain (583ms)
		LoadAssemblies (320ms)
		RebuildTransferFunctionScriptingTraits (0ms)
		AnalyzeDomain (328ms)
			TypeCache.Refresh (300ms)
				TypeCache.ScanAssembly (284ms)
			ScanForSourceGeneratedMonoScriptInfo (22ms)
			ResolveRequiredComponents (6ms)
	FinalizeReload (600ms)
		ReleaseScriptCaches (0ms)
		RebuildScriptCaches (0ms)
		SetupLoadedEditorAssemblies (421ms)
			LogAssemblyErrors (0ms)
			InitializePlatformSupportModulesInManaged (7ms)
			SetLoadedEditorAssemblies (3ms)
			RefreshPlugins (0ms)
			BeforeProcessingInitializeOnLoad (73ms)
			ProcessInitializeOnLoadAttributes (292ms)
			ProcessInitializeOnLoadMethodAttributes (38ms)
			AfterProcessingInitializeOnLoad (7ms)
			EditorAssembliesLoaded (0ms)
		ExecutionOrderSort2 (0ms)
		AwakeInstancesAfterBackupRestoration (7ms)
Launched and connected shader compiler UnityShaderCompiler.exe after 0.07 seconds
Refreshing native plugins compatible for Editor in 5.73 ms, found 4 plugins.
Preloading 0 native plugins for Editor in 0.00 ms.
Unloading 4047 Unused Serialized files (Serialized files now loaded: 0)
Unloading 63 unused Assets / (60.4 KB). Loaded Objects now: 4511.
Memory consumption went from 139.9 MB to 139.8 MB.
Total: 10.768200 ms (FindLiveObjects: 1.917600 ms CreateObjectMapping: 1.207300 ms MarkObjects: 7.259000 ms  DeleteObjects: 0.379800 ms)

AssetImportParameters requested are different than current active one (requested -> active):
  custom:container-demuxer-ogg: 62fdf1f143b41e24485cea50d1cbac27 -> 
  custom:video-decoder-ogg-theora: a1e56fd34408186e4bbccfd4996cb3dc -> 
  custom:framework-win-MediaFoundation: 216162199b28c13a410421893ffa2e32 -> 
  custom:container-demuxer-webm: 4f35f7cbe854078d1ac9338744f61a02 -> 
  custom:container-muxer-webm: aa71ff27fc2769a1b78a27578f13a17b -> 
  custom:video-decoder-webm-vp8: 9c59270c3fd7afecdb556c50c9e8de78 -> 
  custom:AudioImporter_EditorPlatform: d09bf68614088b80899f8185d706f6e7 -> 
  custom:video-encoder-webm-vp8: eb34c28f22e8b96e1ab97ce403110664 -> 
  custom:audio-decoder-ogg-vorbis: bf7c407c2cedff20999df2af8eb42d56 -> 
  custom:audio-encoder-webm-vorbis: bf7c407c2cedff20999df2af8eb42d56 -> 
========================================================================
Received Import Request.
  Time since last request: 2485003.095759 seconds.
  path: Assets/Art/BasicTilesAssets/TileSet1stTry_5.asset
  artifactKey: Guid(e00d14fb7afe6fc4b89517ad24ad3291) Importer(815301076,1909f56bfc062723c751e8b465ee728b)
Start importing Assets/Art/BasicTilesAssets/TileSet1stTry_5.asset using Guid(e00d14fb7afe6fc4b89517ad24ad3291) Importer(815301076,1909f56bfc062723c751e8b465ee728b)  -> (artifact id: '1621e6444997346c8951ddb42d0361e7') in 0.163139 seconds
Number of updated asset objects reloaded before import = 0
Number of asset objects unloaded after import = 3
========================================================================
Received Import Request.
  Time since last request: 0.000066 seconds.
  path: Assets/Art/BasicTilesAssets/TileSet1stTry_8.asset
  artifactKey: Guid(58cffb8c20113e14e95be165e552845c) Importer(815301076,1909f56bfc062723c751e8b465ee728b)
Start importing Assets/Art/BasicTilesAssets/TileSet1stTry_8.asset using Guid(58cffb8c20113e14e95be165e552845c) Importer(815301076,1909f56bfc062723c751e8b465ee728b)  -> (artifact id: '124ed3e71c0d0e095a22b15f94096269') in 0.018737 seconds
Number of updated asset objects reloaded before import = 0
Number of asset objects unloaded after import = 3
========================================================================
Received Import Request.
  Time since last request: 0.000029 seconds.
  path: Assets/Art/BasicTilesAssets/TileSet1stTry_6.asset
  artifactKey: Guid(087307dfa38786f4c99839d8150b7ae8) Importer(815301076,1909f56bfc062723c751e8b465ee728b)
Start importing Assets/Art/BasicTilesAssets/TileSet1stTry_6.asset using Guid(087307dfa38786f4c99839d8150b7ae8) Importer(815301076,1909f56bfc062723c751e8b465ee728b)  -> (artifact id: '14ae03122f22cfa77e63d59342748bda') in 0.016340 seconds
Number of updated asset objects reloaded before import = 0
Number of asset objects unloaded after import = 3
========================================================================
Received Import Request.
  Time since last request: 0.000025 seconds.
  path: Assets/Art/BasicTilesAssets/TileSet1stTry_11.asset
  artifactKey: Guid(1329fe7380b74f045a16fc582f9f3a34) Importer(815301076,1909f56bfc062723c751e8b465ee728b)
Start importing Assets/Art/BasicTilesAssets/TileSet1stTry_11.asset using Guid(1329fe7380b74f045a16fc582f9f3a34) Importer(815301076,1909f56bfc062723c751e8b465ee728b)  -> (artifact id: 'f8a4a4b9ee63cffe2dbd26ce37436a18') in 0.020395 seconds
Number of updated asset objects reloaded before import = 0
Number of asset objects unloaded after import = 3
========================================================================
Received Import Request.
  Time since last request: 0.000024 seconds.
  path: Assets/Art/BasicTilesAssets/TileSet1stTry_15.asset
  artifactKey: Guid(fc0d78e935924e24d99efa5ae1149177) Importer(815301076,1909f56bfc062723c751e8b465ee728b)
Start importing Assets/Art/BasicTilesAssets/TileSet1stTry_15.asset using Guid(fc0d78e935924e24d99efa5ae1149177) Importer(815301076,1909f56bfc062723c751e8b465ee728b)  -> (artifact id: 'f8a6b99a91e31e4a1fa44528cfd5a177') in 0.014434 seconds
Number of updated asset objects reloaded before import = 0
Number of asset objects unloaded after import = 3
========================================================================
Received Import Request.
  Time since last request: 0.000025 seconds.
  path: Assets/Art/BasicTilesAssets/TileSet1stTry_0.asset
  artifactKey: Guid(44f185572a181974fa753712191bb460) Importer(815301076,1909f56bfc062723c751e8b465ee728b)
Start importing Assets/Art/BasicTilesAssets/TileSet1stTry_0.asset using Guid(44f185572a181974fa753712191bb460) Importer(815301076,1909f56bfc062723c751e8b465ee728b)  -> (artifact id: '6d23cca6dab78700016dfed1cac09bb9') in 0.015518 seconds
Number of updated asset objects reloaded before import = 0
Number of asset objects unloaded after import = 3
========================================================================
Received Import Request.
  Time since last request: 0.000024 seconds.
  path: Assets/Art/BasicTilesAssets/TileSet1stTry_17.asset
  artifactKey: Guid(a8c6a9a2fad944a4ca5d6c96267dd979) Importer(815301076,1909f56bfc062723c751e8b465ee728b)
Start importing Assets/Art/BasicTilesAssets/TileSet1stTry_17.asset using Guid(a8c6a9a2fad944a4ca5d6c96267dd979) Importer(815301076,1909f56bfc062723c751e8b465ee728b)  -> (artifact id: '5aa09a2087bd8796a53766e54df85061') in 0.018638 seconds
Number of updated asset objects reloaded before import = 0
Number of asset objects unloaded after import = 3
========================================================================
Received Import Request.
  Time since last request: 0.000023 seconds.
  path: Assets/Art/BasicTilesAssets/TileSet1stTry_1.asset
  artifactKey: Guid(be1dbe6f739ac0c4a87ccf574ddc09ae) Importer(815301076,1909f56bfc062723c751e8b465ee728b)
Start importing Assets/Art/BasicTilesAssets/TileSet1stTry_1.asset using Guid(be1dbe6f739ac0c4a87ccf574ddc09ae) Importer(815301076,1909f56bfc062723c751e8b465ee728b)  -> (artifact id: '3cd0b3aebc416eeeac6fa0a90aa164c6') in 0.015653 seconds
Number of updated asset objects reloaded before import = 0
Number of asset objects unloaded after import = 3
========================================================================
Received Import Request.
  Time since last request: 0.000037 seconds.
  path: Assets/Art/BasicTilesAssets/TileSet1stTry_4.asset
  artifactKey: Guid(9b4bb9a33cd048b4ebf01dd3de48a99e) Importer(815301076,1909f56bfc062723c751e8b465ee728b)
Start importing Assets/Art/BasicTilesAssets/TileSet1stTry_4.asset using Guid(9b4bb9a33cd048b4ebf01dd3de48a99e) Importer(815301076,1909f56bfc062723c751e8b465ee728b)  -> (artifact id: '8607da563c5d0824c75e4f72264f4584') in 0.015670 seconds
Number of updated asset objects reloaded before import = 0
Number of asset objects unloaded after import = 3
========================================================================
Received Import Request.
  Time since last request: 0.000023 seconds.
  path: Assets/Art/BasicTilesAssets/TileSet1stTry_7.asset
  artifactKey: Guid(e15d8757a9d88134c8fa52c1d4c41280) Importer(815301076,1909f56bfc062723c751e8b465ee728b)
Start importing Assets/Art/BasicTilesAssets/TileSet1stTry_7.asset using Guid(e15d8757a9d88134c8fa52c1d4c41280) Importer(815301076,1909f56bfc062723c751e8b465ee728b)  -> (artifact id: 'd10d4fc3802601e2ebf1dfbf2aadc660') in 0.014974 seconds
Number of updated asset objects reloaded before import = 0
Number of asset objects unloaded after import = 3
========================================================================
Received Import Request.
  Time since last request: 0.000023 seconds.
  path: Assets/Art/BasicTilesAssets/TileSet1stTry_16.asset
  artifactKey: Guid(933fc86b360a4c848bf3e9cbacafe6cf) Importer(815301076,1909f56bfc062723c751e8b465ee728b)
Start importing Assets/Art/BasicTilesAssets/TileSet1stTry_16.asset using Guid(933fc86b360a4c848bf3e9cbacafe6cf) Importer(815301076,1909f56bfc062723c751e8b465ee728b)  -> (artifact id: 'e7cb434287efd6363220f7cfee2f16fd') in 0.015411 seconds
Number of updated asset objects reloaded before import = 0
Number of asset objects unloaded after import = 3
========================================================================
Received Import Request.
  Time since last request: 0.000033 seconds.
  path: Assets/Art/BasicTilesAssets/TileSet1stTry_14.asset
  artifactKey: Guid(03e592d6c7734044199981e41e1b7d09) Importer(815301076,1909f56bfc062723c751e8b465ee728b)
Start importing Assets/Art/BasicTilesAssets/TileSet1stTry_14.asset using Guid(03e592d6c7734044199981e41e1b7d09) Importer(815301076,1909f56bfc062723c751e8b465ee728b)  -> (artifact id: '14ab0f22c1c6aa0db67788e466dcda68') in 0.012415 seconds
Number of updated asset objects reloaded before import = 0
Number of asset objects unloaded after import = 3
========================================================================
Received Import Request.
  Time since last request: 0.000038 seconds.
  path: Assets/Art/BasicTilesAssets/TileSet1stTry_12.asset
  artifactKey: Guid(a512bdd0ff6d20940b7cd57a056999a1) Importer(815301076,1909f56bfc062723c751e8b465ee728b)
Start importing Assets/Art/BasicTilesAssets/TileSet1stTry_12.asset using Guid(a512bdd0ff6d20940b7cd57a056999a1) Importer(815301076,1909f56bfc062723c751e8b465ee728b)  -> (artifact id: '99c37b794e4a630e99760bf77d564284') in 0.012632 seconds
Number of updated asset objects reloaded before import = 0
Number of asset objects unloaded after import = 3
========================================================================
Received Prepare
Refreshing native plugins compatible for Editor in 10.46 ms, found 4 plugins.
Preloading 0 native plugins for Editor in 0.00 ms.
Unloading 0 Unused Serialized files (Serialized files now loaded: 0)
Unloading 1 unused Assets / (0.8 KB). Loaded Objects now: 4518.
Memory consumption went from 79.3 MB to 79.3 MB.
Total: 3.388400 ms (FindLiveObjects: 0.281200 ms CreateObjectMapping: 0.100300 ms MarkObjects: 2.985300 ms  DeleteObjects: 0.020900 ms)

Prepare: number of updated asset objects reloaded= 0
AssetImportParameters requested are different than current active one (requested -> active):
  custom:container-demuxer-ogg: 62fdf1f143b41e24485cea50d1cbac27 -> 
  custom:video-decoder-ogg-theora: a1e56fd34408186e4bbccfd4996cb3dc -> 
  custom:framework-win-MediaFoundation: 216162199b28c13a410421893ffa2e32 -> 
  custom:CustomObjectIndexerAttribute: 756ad292c208cfabdd7b50bc23989ffe -> 
  custom:container-demuxer-webm: 4f35f7cbe854078d1ac9338744f61a02 -> 
  custom:container-muxer-webm: aa71ff27fc2769a1b78a27578f13a17b -> 
  custom:video-decoder-webm-vp8: 9c59270c3fd7afecdb556c50c9e8de78 -> 
  custom:AudioImporter_EditorPlatform: d09bf68614088b80899f8185d706f6e7 -> 
  custom:video-encoder-webm-vp8: eb34c28f22e8b96e1ab97ce403110664 -> 
  custom:audio-decoder-ogg-vorbis: bf7c407c2cedff20999df2af8eb42d56 -> 
  custom:audio-encoder-webm-vorbis: bf7c407c2cedff20999df2af8eb42d56 -> 
========================================================================
Received Import Request.
  Time since last request: 481.039280 seconds.
  path: Assets/Art/DogWlkingSprite.png
  artifactKey: Guid(88b35ee989f87794aa5f6d3855414bed) Importer(815301076,1909f56bfc062723c751e8b465ee728b)
Start importing Assets/Art/DogWlkingSprite.png using Guid(88b35ee989f87794aa5f6d3855414bed) Importer(815301076,1909f56bfc062723c751e8b465ee728b)  -> (artifact id: '0cc900ba3806b84e68d78e73aa7aa1b3') in 0.059512 seconds
Number of updated asset objects reloaded before import = 0
Number of asset objects unloaded after import = 12
========================================================================
Received Import Request.
  Time since last request: 0.000017 seconds.
  path: Assets/Art/TileSet1stTry.png
  artifactKey: Guid(4bab28f65e6a1714485a27fd94ad51ce) Importer(815301076,1909f56bfc062723c751e8b465ee728b)
Start importing Assets/Art/TileSet1stTry.png using Guid(4bab28f65e6a1714485a27fd94ad51ce) Importer(815301076,1909f56bfc062723c751e8b465ee728b)  -> (artifact id: '894ea3f438b6dcbe7aafb31087e915f9') in 0.042111 seconds
Number of updated asset objects reloaded before import = 0
Number of asset objects unloaded after import = 22
